WhatWeb report for http://symfonos.local
Status    : 200 OK
Title     : <None>
IP        : 10.77.0.56
Country   : RESERVED, ZZ

Summary   : Apache[2.4.25], HTTPServer[Debian Linux][Apache/2.4.25 (Debian)]

Detected Plugins:
[ Apache ]
	The Apache HTTP Server Project is an effort to develop and 
	maintain an open-source HTTP server for modern operating 
	systems including UNIX and Windows NT. The goal of this 
	project is to provide a secure, efficient and extensible 
	server that provides HTTP services in sync with the current 
	HTTP standards. 

	Version      : 2.4.25 (from HTTP Server Header)
	Google Dorks: (3)
	Website     : http://httpd.apache.org/

[ HTTPServer ]
	HTTP server header string. This plugin also attempts to 
	identify the operating system from the server header. 

	OS           : Debian Linux
	String       : Apache/2.4.25 (Debian) (from server string)

HTTP Headers:
	HTTP/1.1 200 OK
	Date: Fri, 28 Apr 2023 08:11:00 GMT
	Server: Apache/2.4.25 (Debian)
	Last-Modified: Sat, 29 Jun 2019 00:38:05 GMT
	ETag: "148-58c6b9bb3bc5b-gzip"
	Accept-Ranges: bytes
	Vary: Accept-Encoding
	Content-Encoding: gzip
	Content-Length: 197
	Connection: close
	Content-Type: text/html
	
