# Nmap 7.92 scan initiated Sun Jun 19 13:47:46 2022 as: nmap -T5 -sC -sV -oN nmap.log 10.10.180.68
Warning: 10.10.180.68 giving up on port because retransmission cap hit (2).
Nmap scan report for 10.10.180.68
Host is up (0.31s latency).
Not shown: 900 closed tcp ports (reset), 87 filtered tcp ports (no-response)
PORT      STATE SERVICE      VERSION
80/tcp    open  http         Microsoft HTTPAPI httpd 2.0 (SSDP/UPnP)
|_http-server-header: Microsoft-IIS/7.5
| http-methods: 
|_  Potentially risky methods: TRACE
|_http-title: 404 - File or directory not found.
135/tcp   open  msrpc        Microsoft Windows RPC
139/tcp   open  netbios-ssn  Microsoft Windows netbios-ssn
443/tcp   open  ssl/http     Apache httpd 2.4.23 (OpenSSL/1.0.2h PHP/5.6.28)
| ssl-cert: Subject: commonName=localhost
| Not valid before: 2009-11-10T23:48:47
|_Not valid after:  2019-11-08T23:48:47
| http-methods: 
|_  Potentially risky methods: TRACE
|_http-server-header: Apache/2.4.23 (Win32) OpenSSL/1.0.2h PHP/5.6.28
|_ssl-date: TLS randomness does not represent time
|_http-title: Bad request!
| tls-alpn: 
|_  http/1.1
445/tcp   open  microsoft-ds Windows 7 Home Basic 7601 Service Pack 1 microsoft-ds (workgroup: WORKGROUP)
3306/tcp  open  mysql        MariaDB (unauthorized)
8080/tcp  open  http         Apache httpd 2.4.23 (OpenSSL/1.0.2h PHP/5.6.28)
| http-methods: 
|_  Potentially risky methods: TRACE
|_http-server-header: Apache/2.4.23 (Win32) OpenSSL/1.0.2h PHP/5.6.28
|_http-title: Index of /
49152/tcp open  msrpc        Microsoft Windows RPC
49153/tcp open  msrpc        Microsoft Windows RPC
49154/tcp open  msrpc        Microsoft Windows RPC
49158/tcp open  msrpc        Microsoft Windows RPC
49159/tcp open  msrpc        Microsoft Windows RPC
49160/tcp open  msrpc        Microsoft Windows RPC
Service Info: Hosts: www.example.com, BLUEPRINT, localhost; OS: Windows; CPE: cpe:/o:microsoft:windows

Host script results:
| smb-security-mode: 
|   account_used: guest
|   authentication_level: user
|   challenge_response: supported
|_  message_signing: disabled (dangerous, but default)
|_clock-skew: mean: -20m00s, deviation: 34m37s, median: -1s
| smb2-security-mode: 
|   2.1: 
|_    Message signing enabled but not required
| smb2-time: 
|   date: 2022-06-19T11:49:08
|_  start_date: 2022-06-19T11:45:46
|_nbstat: NetBIOS name: BLUEPRINT, NetBIOS user: <unknown>, NetBIOS MAC: 02:4e:a8:fd:88:09 (unknown)
| smb-os-discovery: 
|   OS: Windows 7 Home Basic 7601 Service Pack 1 (Windows 7 Home Basic 6.1)
|   OS CPE: cpe:/o:microsoft:windows_7::sp1
|   Computer name: BLUEPRINT
|   NetBIOS computer name: BLUEPRINT\x00
|   Workgroup: WORKGROUP\x00
|_  System time: 2022-06-19T12:49:08+01:00

Service detection performed. Please report any incorrect results at https://nmap.org/submit/ .
# Nmap done at Sun Jun 19 13:49:23 2022 -- 1 IP address (1 host up) scanned in 97.00 seconds
