- Nikto v2.5.0
---------------------------------------------------------------------------
+ Target IP:          10.77.0.69
+ Target Hostname:    dc-6
+ Target Port:        80
+ Start Time:         2023-05-03 09:29:30 (GMT2)
---------------------------------------------------------------------------
+ Server: Apache/2.4.25 (Debian)
+ /: The anti-clickjacking X-Frame-Options header is not present. See: https://developer.mozilla.org/en-US/docs/Web/HTTP/Headers/X-Frame-Options
+ /: Uncommon header 'x-redirect-by' found, with contents: WordPress.
+ /: The X-Content-Type-Options header is not set. This could allow the user agent to render the content of the site in a different fashion to the MIME type. See: https://www.netsparker.com/web-vulnerability-scanner/vulnerabilities/missing-content-type-header/
+ Root page / redirects to: http://wordy/
+ /index.php?: Drupal Link header found with value: ARRAY(0x55dbd3e58628). See: https://www.drupal.org/
+ No CGI Directories found (use '-C all' to force check all possible dirs)
+ Apache/2.4.25 appears to be outdated (current is at least Apache/2.4.54). Apache 2.2.34 is the EOL for the 2.x branch.
+ /: Web Server returns a valid response with junk HTTP methods which may cause false positives.
+ /icons/README: Apache default file found. See: https://www.vntweb.co.uk/apache-restricting-access-to-iconsreadme/
+ /wp-links-opml.php: This WordPress script reveals the installed version.
+ /license.txt: License file found may identify site software.
+ /wp-login.php?action=register: Cookie wordpress_test_cookie created without the httponly flag. See: https://developer.mozilla.org/en-US/docs/Web/HTTP/Cookies
+ /wp-login.php: Wordpress login found.
+ 7850 requests: 0 error(s) and 11 item(s) reported on remote host
+ End Time:           2023-05-03 09:30:07 (GMT2) (37 seconds)
---------------------------------------------------------------------------
+ 1 host(s) tested
