# Nmap 7.94SVN scan initiated Thu Jan  4 23:34:46 2024 as: nmap -v -A -oN nmap-full.log 10.10.133.162
Nmap scan report for athena.thm (10.10.133.162)
Host is up (0.076s latency).
Not shown: 996 closed tcp ports (conn-refused)
PORT    STATE SERVICE     VERSION
22/tcp  open  ssh         OpenSSH 8.2p1 Ubuntu 4ubuntu0.5 (Ubuntu Linux; protocol 2.0)
| ssh-hostkey: 
|   3072 3b:c8:f8:13:e0:cb:42:60:0d:f6:4c:dc:55:d8:3b:ed (RSA)
|   256 1f:42:e1:c3:a5:17:2a:38:69:3e:9b:73:6d:cd:56:33 (ECDSA)
|_  256 7a:67:59:8d:37:c5:67:29:e8:53:e8:1e:df:b0:c7:1e (ED25519)
80/tcp  open  http        Apache httpd 2.4.41 ((Ubuntu))
|_http-server-header: Apache/2.4.41 (Ubuntu)
| http-methods: 
|_  Supported Methods: OPTIONS HEAD GET POST
|_http-title: Athena - Gods of olympus
139/tcp open  netbios-ssn Samba smbd 4.6.2
445/tcp open  netbios-ssn Samba smbd 4.6.2
Service Info: OS: Linux; CPE: cpe:/o:linux:linux_kernel

Host script results:
| nbstat: NetBIOS name: ROUTERPANEL, NetBIOS user: <unknown>, NetBIOS MAC: <unknown> (unknown)
| Names:
|   ROUTERPANEL<00>      Flags: <unique><active>
|   ROUTERPANEL<03>      Flags: <unique><active>
|   ROUTERPANEL<20>      Flags: <unique><active>
|   \x01\x02__MSBROWSE__\x02<01>  Flags: <group><active>
|   SAMBA<00>            Flags: <group><active>
|   SAMBA<1d>            Flags: <unique><active>
|_  SAMBA<1e>            Flags: <group><active>
| smb2-time: 
|   date: 2024-01-04T22:35:11
|_  start_date: N/A
|_clock-skew: -2s
| smb2-security-mode: 
|   3:1:1: 
|_    Message signing enabled but not required

Read data files from: /usr/bin/../share/nmap
Service detection performed. Please report any incorrect results at https://nmap.org/submit/ .
# Nmap done at Thu Jan  4 23:35:23 2024 -- 1 IP address (1 host up) scanned in 36.61 seconds
