WhatWeb report for http://aragog.com
Status    : 200 OK
Title     : <None>
IP        : 10.77.0.80
Country   : RESERVED, ZZ

Summary   : Apache[2.4.38], HTTPServer[Debian Linux][Apache/2.4.38 (Debian)]

Detected Plugins:
[ Apache ]
	The Apache HTTP Server Project is an effort to develop and 
	maintain an open-source HTTP server for modern operating 
	systems including UNIX and Windows NT. The goal of this 
	project is to provide a secure, efficient and extensible 
	server that provides HTTP services in sync with the current 
	HTTP standards. 

	Version      : 2.4.38 (from HTTP Server Header)
	Google Dorks: (3)
	Website     : http://httpd.apache.org/

[ HTTPServer ]
	HTTP server header string. This plugin also attempts to 
	identify the operating system from the server header. 

	OS           : Debian Linux
	String       : Apache/2.4.38 (Debian) (from server string)

HTTP Headers:
	HTTP/1.1 200 OK
	Date: Sun, 11 Jun 2023 18:27:21 GMT
	Server: Apache/2.4.38 (Debian)
	Last-Modified: Thu, 01 Apr 2021 12:21:47 GMT
	ETag: "61-5bee8467b5fd6-gzip"
	Accept-Ranges: bytes
	Vary: Accept-Encoding
	Content-Encoding: gzip
	Content-Length: 99
	Connection: close
	Content-Type: text/html
	
