# Nmap 7.93 scan initiated Wed Jun  7 18:37:56 2023 as: nmap -sV -A -oN nmap-vulnix.log 10.77.0.79
Nmap scan report for vulnix.com (10.77.0.79)
Host is up (0.0015s latency).
Not shown: 988 closed tcp ports (conn-refused)
PORT     STATE SERVICE    VERSION
22/tcp   open  ssh        OpenSSH 5.9p1 Debian 5ubuntu1 (Ubuntu Linux; protocol 2.0)
| ssh-hostkey: 
|   1024 10cd9ea0e4e030243ebd675f754a33bf (DSA)
|   2048 bcf924072fcb76800d27a648520a243a (RSA)
|_  256 4dbb4ac118e8dad1826f58529cee345f (ECDSA)
25/tcp   open  smtp       Postfix smtpd
|_smtp-commands: vulnix, PIPELINING, SIZE 10240000, VRFY, ETRN, STARTTLS, ENHANCEDSTATUSCODES, 8BITMIME, DSN
|_ssl-date: 2023-06-07T16:38:38+00:00; -2s from scanner time.
| ssl-cert: Subject: commonName=vulnix
| Not valid before: 2012-09-02T17:40:12
|_Not valid after:  2022-08-31T17:40:12
79/tcp   open  finger     Linux fingerd
|_finger: No one logged on.\x0D
110/tcp  open  pop3       Dovecot pop3d
|_ssl-date: 2023-06-07T16:38:38+00:00; -2s from scanner time.
| ssl-cert: Subject: commonName=vulnix/organizationName=Dovecot mail server
| Not valid before: 2012-09-02T17:40:22
|_Not valid after:  2022-09-02T17:40:22
|_pop3-capabilities: TOP STLS UIDL SASL RESP-CODES CAPA PIPELINING
111/tcp  open  rpcbind    2-4 (RPC #100000)
| rpcinfo: 
|   program version    port/proto  service
|   100000  2,3,4        111/tcp   rpcbind
|   100000  2,3,4        111/udp   rpcbind
|   100000  3,4          111/tcp6  rpcbind
|   100000  3,4          111/udp6  rpcbind
|   100003  2,3,4       2049/tcp   nfs
|   100003  2,3,4       2049/tcp6  nfs
|   100003  2,3,4       2049/udp   nfs
|   100003  2,3,4       2049/udp6  nfs
|   100005  1,2,3      33069/udp   mountd
|   100005  1,2,3      43100/udp6  mountd
|   100005  1,2,3      47739/tcp6  mountd
|   100005  1,2,3      57416/tcp   mountd
|   100021  1,3,4      40586/tcp   nlockmgr
|   100021  1,3,4      44121/tcp6  nlockmgr
|   100021  1,3,4      44357/udp   nlockmgr
|   100021  1,3,4      47354/udp6  nlockmgr
|   100024  1          40531/udp   status
|   100024  1          46343/tcp6  status
|   100024  1          46989/udp6  status
|   100024  1          57862/tcp   status
|   100227  2,3         2049/tcp   nfs_acl
|   100227  2,3         2049/tcp6  nfs_acl
|   100227  2,3         2049/udp   nfs_acl
|_  100227  2,3         2049/udp6  nfs_acl
143/tcp  open  imap       Dovecot imapd
|_imap-capabilities: more have post-login listed OK capabilities LOGINDISABLEDA0001 SASL-IR Pre-login STARTTLS IDLE ID LITERAL+ ENABLE LOGIN-REFERRALS IMAP4rev1
|_ssl-date: 2023-06-07T16:38:38+00:00; -2s from scanner time.
| ssl-cert: Subject: commonName=vulnix/organizationName=Dovecot mail server
| Not valid before: 2012-09-02T17:40:22
|_Not valid after:  2022-09-02T17:40:22
512/tcp  open  exec       netkit-rsh rexecd
513/tcp  open  login?
514/tcp  open  tcpwrapped
993/tcp  open  ssl/imap   Dovecot imapd
|_imap-capabilities: AUTH=PLAINA0001 have post-login OK listed capabilities SASL-IR Pre-login more IDLE ID LITERAL+ ENABLE LOGIN-REFERRALS IMAP4rev1
|_ssl-date: 2023-06-07T16:38:38+00:00; -2s from scanner time.
| ssl-cert: Subject: commonName=vulnix/organizationName=Dovecot mail server
| Not valid before: 2012-09-02T17:40:22
|_Not valid after:  2022-09-02T17:40:22
995/tcp  open  ssl/pop3   Dovecot pop3d
|_pop3-capabilities: TOP UIDL SASL(PLAIN) USER RESP-CODES CAPA PIPELINING
| ssl-cert: Subject: commonName=vulnix/organizationName=Dovecot mail server
| Not valid before: 2012-09-02T17:40:22
|_Not valid after:  2022-09-02T17:40:22
|_ssl-date: 2023-06-07T16:38:38+00:00; -2s from scanner time.
2049/tcp open  nfs_acl    2-3 (RPC #100227)
Service Info: Host:  vulnix; OS: Linux; CPE: cpe:/o:linux:linux_kernel

Host script results:
|_clock-skew: mean: -2s, deviation: 0s, median: -2s

Service detection performed. Please report any incorrect results at https://nmap.org/submit/ .
# Nmap done at Wed Jun  7 18:38:40 2023 -- 1 IP address (1 host up) scanned in 43.88 seconds
