# Nmap 7.94SVN scan initiated Thu Jan  4 20:15:22 2024 as: nmap -Pn -A -p 139,445,3389,5985,8000,8080,8443 -oN nmap-enum.log 10.10.120.101
Nmap scan report for stealth.thm (10.10.120.101)
Host is up (0.085s latency).

PORT     STATE SERVICE       VERSION
139/tcp  open  netbios-ssn   Microsoft Windows netbios-ssn
445/tcp  open  microsoft-ds?

3389/tcp open  ms-wbt-server Microsoft Terminal Services
| ssl-cert: Subject: commonName=HostEvasion
| Not valid before: 2024-01-03T18:38:52
|_Not valid after:  2024-07-04T18:38:52
| rdp-ntlm-info: 
|   Target_Name: HOSTEVASION
|   NetBIOS_Domain_Name: HOSTEVASION
|   NetBIOS_Computer_Name: HOSTEVASION
|   DNS_Domain_Name: HostEvasion
|   DNS_Computer_Name: HostEvasion
|   Product_Version: 10.0.17763
|_  System_Time: 2024-01-04T19:15:33+00:00
|_ssl-date: 2024-01-04T19:16:14+00:00; -2s from scanner time.

5985/tcp open  http          Microsoft HTTPAPI httpd 2.0 (SSDP/UPnP)
|_http-server-header: Microsoft-HTTPAPI/2.0
|_http-title: Not Found

8000/tcp open  http          PHP cli server 5.5 or later
|_http-title: 404 Not Found

8080/tcp open  http          Apache httpd 2.4.56 ((Win64) OpenSSL/1.1.1t PHP/8.0.28)
|_http-server-header: Apache/2.4.56 (Win64) OpenSSL/1.1.1t PHP/8.0.28
|_http-title: PowerShell Script Analyser
|_http-open-proxy: Proxy might be redirecting requests

8443/tcp open  ssl/http      Apache httpd 2.4.56 ((Win64) OpenSSL/1.1.1t PHP/8.0.28)
| ssl-cert: Subject: commonName=localhost
| Not valid before: 2009-11-10T23:48:47
|_Not valid after:  2019-11-08T23:48:47
|_http-server-header: Apache/2.4.56 (Win64) OpenSSL/1.1.1t PHP/8.0.28
|_ssl-date: TLS randomness does not represent time
| tls-alpn: 
|_  http/1.1
|_http-title: PowerShell Script Analyser
Service Info: OS: Windows; CPE: cpe:/o:microsoft:windows
Host script results:
|_clock-skew: mean: -2s, deviation: 0s, median: -3s
| smb2-time: 
|   date: 2024-01-04T19:15:34
|_  start_date: N/A
| smb2-security-mode: 
|   3:1:1: 
|_    Message signing enabled but not required

Service detection performed. Please report any incorrect results at https://nmap.org/submit/ .
# Nmap done at Thu Jan  4 20:16:18 2024 -- 1 IP address (1 host up) scanned in 55.48 seconds
