WhatWeb report for http://Moee
Status    : 301 Moved Permanently
Title     : <None>
IP        : 10.77.0.45
Country   : RESERVED, ZZ

Summary   : Apache[2.4.10], HTTPServer[Debian Linux][Apache/2.4.10 (Debian)], RedirectLocation[http://moee/], UncommonHeaders[x-redirect-by]

Detected Plugins:
[ Apache ]
	The Apache HTTP Server Project is an effort to develop and 
	maintain an open-source HTTP server for modern operating 
	systems including UNIX and Windows NT. The goal of this 
	project is to provide a secure, efficient and extensible 
	server that provides HTTP services in sync with the current 
	HTTP standards. 

	Version      : 2.4.10 (from HTTP Server Header)
	Google Dorks: (3)
	Website     : http://httpd.apache.org/

[ HTTPServer ]
	HTTP server header string. This plugin also attempts to 
	identify the operating system from the server header. 

	OS           : Debian Linux
	String       : Apache/2.4.10 (Debian) (from server string)

[ RedirectLocation ]
	HTTP Server string location. used with http-status 301 and 
	302 

	String       : http://moee/ (from location)

[ UncommonHeaders ]
	Uncommon HTTP server headers. The blacklist includes all 
	the standard headers and many non standard but common ones. 
	Interesting but fairly common headers should have their own 
	plugins, eg. x-powered-by, server and x-aspnet-version. 
	Info about headers can be found at www.http-stats.com 

	String       : x-redirect-by (from headers)

HTTP Headers:
	HTTP/1.1 301 Moved Permanently
	Date: Fri, 05 May 2023 05:24:02 GMT
	Server: Apache/2.4.10 (Debian)
	X-Redirect-By: WordPress
	Location: http://moee/
	Content-Length: 0
	Connection: close
	Content-Type: text/html; charset=UTF-8
	
WhatWeb report for http://Moee
Status    : 301 Moved Permanently
Title     : <None>
IP        : 10.77.0.45
Country   : RESERVED, ZZ

Summary   : Apache[2.4.10], HTTPServer[Debian Linux][Apache/2.4.10 (Debian)], RedirectLocation[http://moee/], UncommonHeaders[x-redirect-by]

Detected Plugins:
[ Apache ]
	The Apache HTTP Server Project is an effort to develop and 
	maintain an open-source HTTP server for modern operating 
	systems including UNIX and Windows NT. The goal of this 
	project is to provide a secure, efficient and extensible 
	server that provides HTTP services in sync with the current 
	HTTP standards. 

	Version      : 2.4.10 (from HTTP Server Header)
	Google Dorks: (3)
	Website     : http://httpd.apache.org/

[ HTTPServer ]
	HTTP server header string. This plugin also attempts to 
	identify the operating system from the server header. 

	OS           : Debian Linux
	String       : Apache/2.4.10 (Debian) (from server string)

[ RedirectLocation ]
	HTTP Server string location. used with http-status 301 and 
	302 

	String       : http://moee/ (from location)

[ UncommonHeaders ]
	Uncommon HTTP server headers. The blacklist includes all 
	the standard headers and many non standard but common ones. 
	Interesting but fairly common headers should have their own 
	plugins, eg. x-powered-by, server and x-aspnet-version. 
	Info about headers can be found at www.http-stats.com 

	String       : x-redirect-by (from headers)

HTTP Headers:
	HTTP/1.1 301 Moved Permanently
	Date: Fri, 05 May 2023 05:24:24 GMT
	Server: Apache/2.4.10 (Debian)
	X-Redirect-By: WordPress
	Location: http://moee/
	Content-Length: 0
	Connection: close
	Content-Type: text/html; charset=UTF-8
	
WhatWeb report for http://moee
Status    : 200 OK
Title     : Moee &#8211; Just another WordPress site
IP        : 10.77.0.45
Country   : RESERVED, ZZ

Summary   : Apache[2.4.10], HTML5, HTTPServer[Debian Linux][Apache/2.4.10 (Debian)], MetaGenerator[WordPress 5.5.3], PoweredBy[-wordpress,-wordpress,,WordPress], Script, UncommonHeaders[link], WordPress[5.5.3]

Detected Plugins:
[ Apache ]
	The Apache HTTP Server Project is an effort to develop and 
	maintain an open-source HTTP server for modern operating 
	systems including UNIX and Windows NT. The goal of this 
	project is to provide a secure, efficient and extensible 
	server that provides HTTP services in sync with the current 
	HTTP standards. 

	Version      : 2.4.10 (from HTTP Server Header)
	Google Dorks: (3)
	Website     : http://httpd.apache.org/

[ HTML5 ]
	HTML version 5, detected by the doctype declaration 


[ HTTPServer ]
	HTTP server header string. This plugin also attempts to 
	identify the operating system from the server header. 

	OS           : Debian Linux
	String       : Apache/2.4.10 (Debian) (from server string)

[ MetaGenerator ]
	This plugin identifies meta generator tags and extracts its 
	value. 

	String       : WordPress 5.5.3

[ PoweredBy ]
	This plugin identifies instances of 'Powered by x' text and 
	attempts to extract the value for x. 

	String       : -wordpress,-wordpress,,WordPress

[ Script ]
	This plugin detects instances of script HTML elements and 
	returns the script language/type. 


[ UncommonHeaders ]
	Uncommon HTTP server headers. The blacklist includes all 
	the standard headers and many non standard but common ones. 
	Interesting but fairly common headers should have their own 
	plugins, eg. x-powered-by, server and x-aspnet-version. 
	Info about headers can be found at www.http-stats.com 

	String       : link (from headers)

[ WordPress ]
	WordPress is an opensource blogging system commonly used as 
	a CMS. 

	Version      : 5.5.3
	Aggressive function available (check plugin file or details).
	Google Dorks: (1)
	Website     : http://www.wordpress.org/

HTTP Headers:
	HTTP/1.1 200 OK
	Date: Fri, 05 May 2023 05:25:20 GMT
	Server: Apache/2.4.10 (Debian)
	Link: <http://moee/>; rel=shortlink
	Vary: Accept-Encoding
	Content-Encoding: gzip
	Content-Length: 6972
	Connection: close
	Content-Type: text/html; charset=UTF-8
	
