# Nmap 7.92 scan initiated Thu Jun 16 16:47:10 2022 as: nmap -T5 -sV --script=vuln -oN nmap-aggr.log 10.10.54.217
Pre-scan script results:
| broadcast-avahi-dos: 
|   Discovered hosts:
|     224.0.0.251
|   After NULL UDP avahi packet DoS (CVE-2011-1002).
|_  Hosts are all up (not vulnerable).
Nmap scan report for 10.10.54.217
Host is up (0.055s latency).
Not shown: 991 closed tcp ports (reset)
PORT      STATE SERVICE      VERSION
135/tcp   open  msrpc        Microsoft Windows RPC
139/tcp   open  netbios-ssn  Microsoft Windows netbios-ssn
445/tcp   open  microsoft-ds Microsoft Windows 7 - 10 microsoft-ds (workgroup: WORKGROUP)
3389/tcp  open  tcpwrapped
|_ssl-ccs-injection: No reply from server (TIMEOUT)
| rdp-vuln-ms12-020: 
|   VULNERABLE:
|   MS12-020 Remote Desktop Protocol Denial Of Service Vulnerability
|     State: VULNERABLE
|     IDs:  CVE:CVE-2012-0152
|     Risk factor: Medium  CVSSv2: 4.3 (MEDIUM) (AV:N/AC:M/Au:N/C:N/I:N/A:P)
|           Remote Desktop Protocol vulnerability that could allow remote attackers to cause a denial of service.
|           
|     Disclosure date: 2012-03-13
|     References:
|       http://technet.microsoft.com/en-us/security/bulletin/ms12-020
|       https://cve.mitre.org/cgi-bin/cvename.cgi?name=CVE-2012-0152
|   
|   MS12-020 Remote Desktop Protocol Remote Code Execution Vulnerability
|     State: VULNERABLE
|     IDs:  CVE:CVE-2012-0002
|     Risk factor: High  CVSSv2: 9.3 (HIGH) (AV:N/AC:M/Au:N/C:C/I:C/A:C)
|           Remote Desktop Protocol vulnerability that could allow remote attackers to execute arbitrary code on the targeted system.
|           
|     Disclosure date: 2012-03-13
|     References:
|       http://technet.microsoft.com/en-us/security/bulletin/ms12-020
|_      https://cve.mitre.org/cgi-bin/cvename.cgi?name=CVE-2012-0002
49152/tcp open  msrpc        Microsoft Windows RPC
49153/tcp open  msrpc        Microsoft Windows RPC
49154/tcp open  msrpc        Microsoft Windows RPC
49158/tcp open  msrpc        Microsoft Windows RPC
49160/tcp open  msrpc        Microsoft Windows RPC
Service Info: Host: JON-PC; OS: Windows; CPE: cpe:/o:microsoft:windows

Host script results:
|_smb-vuln-ms10-054: false
|_smb-vuln-ms10-061: NT_STATUS_ACCESS_DENIED
| smb-vuln-ms17-010: 
|   VULNERABLE:
|   Remote Code Execution vulnerability in Microsoft SMBv1 servers (ms17-010)
|     State: VULNERABLE
|     IDs:  CVE:CVE-2017-0143
|     Risk factor: HIGH
|       A critical remote code execution vulnerability exists in Microsoft SMBv1
|        servers (ms17-010).
|           
|     Disclosure date: 2017-03-14
|     References:
|       https://blogs.technet.microsoft.com/msrc/2017/05/12/customer-guidance-for-wannacrypt-attacks/
|       https://cve.mitre.org/cgi-bin/cvename.cgi?name=CVE-2017-0143
|_      https://technet.microsoft.com/en-us/library/security/ms17-010.aspx
|_samba-vuln-cve-2012-1182: NT_STATUS_ACCESS_DENIED

Service detection performed. Please report any incorrect results at https://nmap.org/submit/ .
# Nmap done at Thu Jun 16 16:49:21 2022 -- 1 IP address (1 host up) scanned in 130.87 seconds
