# Nmap 7.93 scan initiated Wed Apr 12 07:43:57 2023 as: nmap -sV -sC -oN nmap-boilCTF-allports.log -p- 10.10.103.131
Nmap scan report for 10.10.103.131
Host is up (0.056s latency).
Not shown: 65531 closed tcp ports (conn-refused)
PORT      STATE SERVICE VERSION
21/tcp    open  ftp     vsftpd 3.0.3
|_ftp-anon: Anonymous FTP login allowed (FTP code 230)
| ftp-syst: 
|   STAT: 
| FTP server status:
|      Connected to ::ffff:10.14.47.209
|      Logged in as ftp
|      TYPE: ASCII
|      No session bandwidth limit
|      Session timeout in seconds is 300
|      Control connection is plain text
|      Data connections will be plain text
|      At session startup, client count was 1
|      vsFTPd 3.0.3 - secure, fast, stable
|_End of status
80/tcp    open  http    Apache httpd 2.4.18 ((Ubuntu))
| http-robots.txt: 1 disallowed entry 
|_/
|_http-title: Apache2 Ubuntu Default Page: It works
|_http-server-header: Apache/2.4.18 (Ubuntu)
10000/tcp open  http    MiniServ 1.930 (Webmin httpd)
|_http-title: Site doesn't have a title (text/html; Charset=iso-8859-1).
55007/tcp open  ssh     OpenSSH 7.2p2 Ubuntu 4ubuntu2.8 (Ubuntu Linux; protocol 2.0)
| ssh-hostkey: 
|   2048 e3abe1392d95eb135516d6ce8df911e5 (RSA)
|   256 aedef2bbb78a00702074567625c0df38 (ECDSA)
|_  256 252583f2a7758aa046b2127004685ccb (ED25519)
Service Info: OSs: Unix, Linux; CPE: cpe:/o:linux:linux_kernel

Service detection performed. Please report any incorrect results at https://nmap.org/submit/ .
# Nmap done at Wed Apr 12 07:44:51 2023 -- 1 IP address (1 host up) scanned in 53.52 seconds
