- Nikto v2.5.0
---------------------------------------------------------------------------
+ Target IP:          10.77.0.64
+ Target Hostname:    dc-3
+ Target Port:        80
+ Start Time:         2023-04-30 20:31:45 (GMT2)
---------------------------------------------------------------------------
+ Server: Apache/2.4.18 (Ubuntu)
+ /: The anti-clickjacking X-Frame-Options header is not present. See: https://developer.mozilla.org/en-US/docs/Web/HTTP/Headers/X-Frame-Options
+ /: The X-Content-Type-Options header is not set. This could allow the user agent to render the content of the site in a different fashion to the MIME type. See: https://www.netsparker.com/web-vulnerability-scanner/vulnerabilities/missing-content-type-header/
+ Apache/2.4.18 appears to be outdated (current is at least Apache/2.4.54). Apache 2.2.34 is the EOL for the 2.x branch.
+ /images: IP address found in the 'location' header. The IP is "127.0.1.1". See: https://portswigger.net/kb/issues/00600300_private-ip-addresses-disclosed
+ /images: The web server may reveal its internal or real IP in the Location header via a request to with HTTP/1.0. The value is "127.0.1.1". See: http://cve.mitre.org/cgi-bin/cvename.cgi?name=CVE-2000-0649
+ /: Web Server returns a valid response with junk HTTP methods which may cause false positives.
+ /: DEBUG HTTP verb may show server debugging information. See: https://docs.microsoft.com/en-us/visualstudio/debugger/how-to-enable-debugging-for-aspnet-applications?view=vs-2017
+ /index.php?module=ew_filemanager&type=admin&func=manager&pathext=../../../etc: EW FileManager for PostNuke allows arbitrary file retrieval. See: http://cve.mitre.org/cgi-bin/cvename.cgi?name=CVE-2004-2047
+ /administrator/: This might be interesting.
+ /bin/: This might be interesting.
+ /includes/: This might be interesting.
+ /tmp/: This might be interesting.
+ /LICENSE.txt: License file found may identify site software.
+ /icons/README: Apache default file found. See: https://www.vntweb.co.uk/apache-restricting-access-to-iconsreadme/
+ /htaccess.txt: Default Joomla! htaccess.txt file found. This should be removed or renamed.
+ /administrator/index.php: Admin login page/section found.
+ 8658 requests: 0 error(s) and 16 item(s) reported on remote host
+ End Time:           2023-04-30 20:32:13 (GMT2) (28 seconds)
---------------------------------------------------------------------------
+ 1 host(s) tested
