WhatWeb report for [1m[34mhttp://10.77.0.157[0m
Status    : 200 OK
Title     : [1m[33mLogin[0m
IP        : 10.77.0.157
Country   : [1m[31mRESERVED, ZZ[0m

Summary   : [1mApache[0m[[1m[32m2.4.41[0m], [1mBootstrap[0m[[1m[32m4.5.2[0m], [1mCookies[0m[[0m[22mPHPSESSID[0m], [1mHTML5[0m, [1mHTTPServer[0m[[1m[31mUbuntu Linux[0m][[1m[36mApache/2.4.41 (Ubuntu)[0m], [1mPasswordField[0m[[0m[22mpassword[0m]

Detected Plugins:
[ [1mApache[0m ]
	The Apache HTTP Server Project is an effort to develop and 
	maintain an open-source HTTP server for modern operating 
	systems including UNIX and Windows NT. The goal of this 
	project is to provide a secure, efficient and extensible 
	server that provides HTTP services in sync with the current 
	HTTP standards. 

	Version      : [1m[32m2.4.41[0m (from HTTP Server Header)
	Google Dorks: (3)
	Website     : http://httpd.apache.org/

[ [1mBootstrap[0m ]
	Bootstrap is an open source toolkit for developing with 
	HTML, CSS, and JS. 

	Version      : [1m[32m4.5.2[0m
	Website     : https://getbootstrap.com/

[ [1mCookies[0m ]
	Display the names of cookies in the HTTP headers. The 
	values are not returned to save on space. 

	String       : [1m[36mPHPSESSID[0m

[ [1mHTML5[0m ]
	HTML version 5, detected by the doctype declaration 


[ [1mHTTPServer[0m ]
	HTTP server header string. This plugin also attempts to 
	identify the operating system from the server header. 

	OS           : [1m[31mUbuntu Linux[0m
	String       : [1m[36mApache/2.4.41 (Ubuntu)[0m (from server string)

[ [1mPasswordField[0m ]
	find password fields 

	String       : [1m[36mpassword[0m (from field name)

HTTP Headers:
	HTTP/1.1 200 OK
	Date: Fri, 15 Sep 2023 18:18:01 GMT
	Server: Apache/2.4.41 (Ubuntu)
	Set-Cookie: PHPSESSID=qas7h49o69alhu6sj14lnrn5h3; path=/
	Expires: Thu, 19 Nov 1981 08:52:00 GMT
	Cache-Control: no-store, no-cache, must-revalidate
	Pragma: no-cache
	Vary: Accept-Encoding
	Content-Encoding: gzip
	Content-Length: 536
	Connection: close
	Content-Type: text/html; charset=UTF-8
	
