- Nikto v2.5.0
---------------------------------------------------------------------------
+ Target IP:          10.77.0.70
+ Target Hostname:    dc-8
+ Target Port:        80
+ Start Time:         2023-05-04 12:46:41 (GMT2)
---------------------------------------------------------------------------
+ Server: Apache
+ /: Drupal 7 was identified via the x-generator header. See: https://www.drupal.org/project/remove_http_headers
+ /: Drupal Link header found with value: </node/1>; rel="canonical",</node/1>; rel="shortlink". See: https://www.drupal.org/
+ /F2HxY7gm.php~: The X-Content-Type-Options header is not set. This could allow the user agent to render the content of the site in a different fashion to the MIME type. See: https://www.netsparker.com/web-vulnerability-scanner/vulnerabilities/missing-content-type-header/
+ /robots.txt: Entry '/?q=user/login/' is returned a non-forbidden or redirect HTTP code (200). See: https://portswigger.net/kb/issues/00600600_robots-txt-file
+ /robots.txt: Entry '/?q=filter/tips/' is returned a non-forbidden or redirect HTTP code (200). See: https://portswigger.net/kb/issues/00600600_robots-txt-file
+ /robots.txt: Entry '/INSTALL.sqlite.txt' is returned a non-forbidden or redirect HTTP code (200). See: https://portswigger.net/kb/issues/00600600_robots-txt-file
+ /robots.txt: Entry '/INSTALL.mysql.txt' is returned a non-forbidden or redirect HTTP code (200). See: https://portswigger.net/kb/issues/00600600_robots-txt-file
+ /robots.txt: Entry '/xmlrpc.php' is returned a non-forbidden or redirect HTTP code (200). See: https://portswigger.net/kb/issues/00600600_robots-txt-file
+ /robots.txt: Entry '/user/password/' is returned a non-forbidden or redirect HTTP code (200). See: https://portswigger.net/kb/issues/00600600_robots-txt-file
+ /robots.txt: Entry '/user/login/' is returned a non-forbidden or redirect HTTP code (200). See: https://portswigger.net/kb/issues/00600600_robots-txt-file
+ /robots.txt: Entry '/UPGRADE.txt' is returned a non-forbidden or redirect HTTP code (200). See: https://portswigger.net/kb/issues/00600600_robots-txt-file
+ /robots.txt: Entry '/INSTALL.pgsql.txt' is returned a non-forbidden or redirect HTTP code (200). See: https://portswigger.net/kb/issues/00600600_robots-txt-file
+ /robots.txt: Entry '/filter/tips/' is returned a non-forbidden or redirect HTTP code (200). See: https://portswigger.net/kb/issues/00600600_robots-txt-file
+ /robots.txt: Entry '/install.php' is returned a non-forbidden or redirect HTTP code (200). See: https://portswigger.net/kb/issues/00600600_robots-txt-file
+ /robots.txt: Entry '/LICENSE.txt' is returned a non-forbidden or redirect HTTP code (200). See: https://portswigger.net/kb/issues/00600600_robots-txt-file
+ /robots.txt: Entry '/MAINTAINERS.txt' is returned a non-forbidden or redirect HTTP code (200). See: https://portswigger.net/kb/issues/00600600_robots-txt-file
+ /robots.txt: Entry '/?q=user/password/' is returned a non-forbidden or redirect HTTP code (200). See: https://portswigger.net/kb/issues/00600600_robots-txt-file
+ /robots.txt: contains 68 entries which should be manually viewed. See: https://developer.mozilla.org/en-US/docs/Glossary/Robots.txt
+ /: Web Server returns a valid response with junk HTTP methods which may cause false positives.
+ /: DEBUG HTTP verb may show server debugging information. See: https://docs.microsoft.com/en-us/visualstudio/debugger/how-to-enable-debugging-for-aspnet-applications?view=vs-2017
+ /: A database error may reveal internal details about the running database.
+ /web.config: ASP config file is accessible.
+ /user/: This might be interesting.
+ /UPGRADE.txt: Default file found.
+ /install.php: Drupal install.php file found. See: https://drupal.stackexchange.com/questions/269076/how-do-i-restrict-access-to-the-install-php-filehttps://drupal.stackexchange.com/questions/269076/how-do-i-restrict-access-to-the-install-php-file
+ /install.php: install.php file found.
+ /LICENSE.txt: License file found may identify site software.
+ /xmlrpc.php: xmlrpc.php was found.
+ /INSTALL.mysql.txt: Drupal installation file found. See: https://drupal.stackexchange.com/questions/269076/how-do-i-restrict-access-to-the-install-php-file
+ /INSTALL.pgsql.txt: Drupal installation file found. See: https://drupal.stackexchange.com/questions/269076/how-do-i-restrict-access-to-the-install-php-file
+ /icons/README: Apache default file found. See: https://www.vntweb.co.uk/apache-restricting-access-to-iconsreadme/
+ 8726 requests: 0 error(s) and 31 item(s) reported on remote host
+ End Time:           2023-05-04 12:47:51 (GMT2) (70 seconds)
---------------------------------------------------------------------------
+ 1 host(s) tested
