# Nmap 7.93 scan initiated Thu May  4 12:46:32 2023 as: nmap -sV -sC -oN nmap-dc8.log 10.77.0.70
Nmap scan report for dc.local (10.77.0.70)
Host is up (0.00020s latency).
Not shown: 998 closed tcp ports (conn-refused)
PORT   STATE SERVICE VERSION
22/tcp open  ssh     OpenSSH 7.4p1 Debian 10+deb9u1 (protocol 2.0)
| ssh-hostkey: 
|   2048 35a7e6c4a83c631de1c0caa366bc88bf (RSA)
|   256 abef9f69acea54c68c6155490ae7aad9 (ECDSA)
|_  256 7ab2c687ec9376d4ea594b1bc6e873f2 (ED25519)
80/tcp open  http    Apache httpd
|_http-server-header: Apache
| http-robots.txt: 36 disallowed entries (15 shown)
| /includes/ /misc/ /modules/ /profiles/ /scripts/ 
| /themes/ /CHANGELOG.txt /cron.php /INSTALL.mysql.txt 
| /INSTALL.pgsql.txt /INSTALL.sqlite.txt /install.php /INSTALL.txt 
|_/LICENSE.txt /MAINTAINERS.txt
|_http-generator: Drupal 7 (http://drupal.org)
|_http-title: Welcome to DC-8 | DC-8
Service Info: OS: Linux; CPE: cpe:/o:linux:linux_kernel

Service detection performed. Please report any incorrect results at https://nmap.org/submit/ .
# Nmap done at Thu May  4 12:46:45 2023 -- 1 IP address (1 host up) scanned in 12.85 seconds
