WhatWeb report for http://dc-8/
Status    : 200 OK
Title     : Welcome to DC-8 | DC-8
IP        : 10.77.0.70
Country   : RESERVED, ZZ

Summary   : Apache, Content-Language[en], Drupal, HTTPServer[Apache], JQuery, MetaGenerator[Drupal 7 (http://drupal.org)], Script[text/javascript], UncommonHeaders[x-content-type-options,x-generator,link], X-Frame-Options[SAMEORIGIN]

Detected Plugins:
[ Apache ]
	The Apache HTTP Server Project is an effort to develop and 
	maintain an open-source HTTP server for modern operating 
	systems including UNIX and Windows NT. The goal of this 
	project is to provide a secure, efficient and extensible 
	server that provides HTTP services in sync with the current 
	HTTP standards. 

	Google Dorks: (3)
	Website     : http://httpd.apache.org/

[ Content-Language ]
	Detect the content-language setting from the HTTP header. 

	String       : en

[ Drupal ]
	Drupal is an opensource CMS written in PHP. 

	Aggressive function available (check plugin file or details).
	Google Dorks: (1)
	Website     : http://www.drupal.org

[ HTTPServer ]
	HTTP server header string. This plugin also attempts to 
	identify the operating system from the server header. 

	String       : Apache (from server string)

[ JQuery ]
	A fast, concise, JavaScript that simplifies how to traverse 
	HTML documents, handle events, perform animations, and add 
	AJAX. 

	Website     : http://jquery.com/

[ MetaGenerator ]
	This plugin identifies meta generator tags and extracts its 
	value. 

	String       : Drupal 7 (http://drupal.org)

[ Script ]
	This plugin detects instances of script HTML elements and 
	returns the script language/type. 

	String       : text/javascript

[ UncommonHeaders ]
	Uncommon HTTP server headers. The blacklist includes all 
	the standard headers and many non standard but common ones. 
	Interesting but fairly common headers should have their own 
	plugins, eg. x-powered-by, server and x-aspnet-version. 
	Info about headers can be found at www.http-stats.com 

	String       : x-content-type-options,x-generator,link (from headers)

[ X-Frame-Options ]
	This plugin retrieves the X-Frame-Options value from the 
	HTTP header. - More Info: 
	http://msdn.microsoft.com/en-us/library/cc288472%28VS.85%29.
	aspx

	String       : SAMEORIGIN

HTTP Headers:
	HTTP/1.1 200 OK
	Date: Thu, 04 May 2023 10:46:29 GMT
	Server: Apache
	Expires: Sun, 19 Nov 1978 05:00:00 GMT
	Cache-Control: no-cache, must-revalidate
	X-Content-Type-Options: nosniff
	Content-Language: en
	X-Frame-Options: SAMEORIGIN
	X-Generator: Drupal 7 (http://drupal.org)
	Link: </node/1>; rel="canonical",</node/1>; rel="shortlink"
	Vary: Accept-Encoding
	Content-Encoding: gzip
	Content-Length: 2302
	Connection: close
	Content-Type: text/html; charset=utf-8
	
