- Nikto v2.5.0
---------------------------------------------------------------------------
+ Target IP:          10.129.42.249
+ Target Hostname:    10.129.42.249
+ Target Port:        80
+ Start Time:         2023-06-11 15:03:31 (GMT2)
---------------------------------------------------------------------------
+ Server: Apache/2.4.41 (Ubuntu)
+ /: The anti-clickjacking X-Frame-Options header is not present. See: https://developer.mozilla.org/en-US/docs/Web/HTTP/Headers/X-Frame-Options
+ /: The X-Content-Type-Options header is not set. This could allow the user agent to render the content of the site in a different fashion to the MIME type. See: https://www.netsparker.com/web-vulnerability-scanner/vulnerabilities/missing-content-type-header/
+ No CGI Directories found (use '-C all' to force check all possible dirs)
+ /robots.txt: Entry '/admin/' is returned a non-forbidden or redirect HTTP code (200). See: https://portswigger.net/kb/issues/00600600_robots-txt-file
+ /robots.txt: contains 1 entry which should be manually viewed. See: https://developer.mozilla.org/en-US/docs/Glossary/Robots.txt
+ Apache/2.4.41 appears to be outdated (current is at least Apache/2.4.54). Apache 2.2.34 is the EOL for the 2.x branch.
+ /: Web Server returns a valid response with junk HTTP methods which may cause false positives.
+ /sitemap.xml: This gives a nice listing of the site content.
+ /admin/: This might be interesting.
+ /data/: Directory indexing found.
+ /data/: This might be interesting.
+ /readme.txt: This might be interesting.
+ /admin/index.php: This might be interesting: has been seen in web logs from an unknown scanner.
+ /LICENSE.txt: License file found may identify site software.
+ 8103 requests: 0 error(s) and 13 item(s) reported on remote host
+ End Time:           2023-06-11 15:11:00 (GMT2) (449 seconds)
---------------------------------------------------------------------------
+ 1 host(s) tested
