# Nmap 7.93 scan initiated Tue May  2 14:00:37 2023 as: nmap -sV -sC -oN nmap-dc5.log 10.77.0.68
Nmap scan report for dc.local (10.77.0.68)
Host is up (0.00015s latency).
Not shown: 998 closed tcp ports (conn-refused)
PORT    STATE SERVICE VERSION
80/tcp  open  http    nginx 1.6.2
|_http-title: Welcome
|_http-server-header: nginx/1.6.2
111/tcp open  rpcbind 2-4 (RPC #100000)
| rpcinfo: 
|   program version    port/proto  service
|   100000  2,3,4        111/tcp   rpcbind
|   100000  2,3,4        111/udp   rpcbind
|   100000  3,4          111/tcp6  rpcbind
|   100000  3,4          111/udp6  rpcbind
|   100024  1          43146/tcp6  status
|   100024  1          44550/tcp   status
|   100024  1          47207/udp   status
|_  100024  1          49949/udp6  status

Service detection performed. Please report any incorrect results at https://nmap.org/submit/ .
# Nmap done at Tue May  2 14:00:43 2023 -- 1 IP address (1 host up) scanned in 6.60 seconds
