WhatWeb report for http://dc-5/
Status    : 200 OK
Title     : Welcome
IP        : 10.77.0.68
Country   : RESERVED, ZZ

Summary   : HTML5, HTTPServer[nginx/1.6.2], nginx[1.6.2]

Detected Plugins:
[ HTML5 ]
	HTML version 5, detected by the doctype declaration 


[ HTTPServer ]
	HTTP server header string. This plugin also attempts to 
	identify the operating system from the server header. 

	String       : nginx/1.6.2 (from server string)

[ nginx ]
	Nginx (Engine-X) is a free, open-source, high-performance 
	HTTP server and reverse proxy, as well as an IMAP/POP3 
	proxy server. 

	Version      : 1.6.2
	Website     : http://nginx.net/

HTTP Headers:
	HTTP/1.1 200 OK
	Server: nginx/1.6.2
	Date: Tue, 02 May 2023 12:00:57 GMT
	Content-Type: text/html; charset=UTF-8
	Transfer-Encoding: chunked
	Connection: close
	Content-Encoding: gzip
	
