# Nmap 7.93 scan initiated Fri May 12 11:08:59 2023 as: nmap -sV -sC -p- -oN nmap-retro.log 10.10.144.213
Nmap scan report for 10.10.144.213
Host is up (0.052s latency).
Not shown: 65533 filtered tcp ports (no-response)
PORT     STATE SERVICE       VERSION
80/tcp   open  http          Microsoft IIS httpd 10.0
| http-methods: 
|_  Potentially risky methods: TRACE
|_http-server-header: Microsoft-IIS/10.0
|_http-title: IIS Windows Server
3389/tcp open  ms-wbt-server Microsoft Terminal Services
| ssl-cert: Subject: commonName=RetroWeb
| Not valid before: 2023-05-11T08:25:28
|_Not valid after:  2023-11-10T08:25:28
|_ssl-date: 2023-05-12T09:10:58+00:00; +1s from scanner time.
| rdp-ntlm-info: 
|   Target_Name: RETROWEB
|   NetBIOS_Domain_Name: RETROWEB
|   NetBIOS_Computer_Name: RETROWEB
|   DNS_Domain_Name: RetroWeb
|   DNS_Computer_Name: RetroWeb
|   Product_Version: 10.0.14393
|_  System_Time: 2023-05-12T09:10:53+00:00
Service Info: OS: Windows; CPE: cpe:/o:microsoft:windows

Service detection performed. Please report any incorrect results at https://nmap.org/submit/ .
# Nmap done at Fri May 12 11:10:57 2023 -- 1 IP address (1 host up) scanned in 117.97 seconds
