- Nikto v2.5.0
---------------------------------------------------------------------------
+ Target IP:          10.77.0.72
+ Target Hostname:    dc-9
+ Target Port:        80
+ Start Time:         2023-05-04 22:32:12 (GMT2)
---------------------------------------------------------------------------
+ Server: Apache/2.4.38 (Debian)
+ /: The anti-clickjacking X-Frame-Options header is not present. See: https://developer.mozilla.org/en-US/docs/Web/HTTP/Headers/X-Frame-Options
+ /: The X-Content-Type-Options header is not set. This could allow the user agent to render the content of the site in a different fashion to the MIME type. See: https://www.netsparker.com/web-vulnerability-scanner/vulnerabilities/missing-content-type-header/
+ No CGI Directories found (use '-C all' to force check all possible dirs)
+ Apache/2.4.38 appears to be outdated (current is at least Apache/2.4.54). Apache 2.2.34 is the EOL for the 2.x branch.
+ /: Web Server returns a valid response with junk HTTP methods which may cause false positives.
+ /config.php: PHP Config file may contain database IDs and passwords.
+ /css/: Directory indexing found.
+ /css/: This might be interesting.
+ /includes/: Directory indexing found.
+ /includes/: This might be interesting.
+ /icons/README: Apache default file found. See: https://www.vntweb.co.uk/apache-restricting-access-to-iconsreadme/
+ 7850 requests: 0 error(s) and 10 item(s) reported on remote host
+ End Time:           2023-05-04 22:32:41 (GMT2) (29 seconds)
---------------------------------------------------------------------------
+ 1 host(s) tested
