- Nikto v2.5.0
---------------------------------------------------------------------------
+ Target IP:          10.77.0.93
+ Target Hostname:    10.77.0.93
+ Target Port:        80
+ Start Time:         2023-06-28 21:42:49 (GMT2)
---------------------------------------------------------------------------
+ Server: Apache/2.4.46 (Ubuntu)
+ /: The anti-clickjacking X-Frame-Options header is not present. See: https://developer.mozilla.org/en-US/docs/Web/HTTP/Headers/X-Frame-Options
+ /: The X-Content-Type-Options header is not set. This could allow the user agent to render the content of the site in a different fashion to the MIME type. See: https://www.netsparker.com/web-vulnerability-scanner/vulnerabilities/missing-content-type-header/
+ No CGI Directories found (use '-C all' to force check all possible dirs)
+ /: Server may leak inodes via ETags, header found with file /, inode: 2ae1, size: 5b3957e06e486, mtime: gzip. See: http://cve.mitre.org/cgi-bin/cvename.cgi?name=CVE-2003-1418
+ Apache/2.4.46 appears to be outdated (current is at least Apache/2.4.54). Apache 2.2.34 is the EOL for the 2.x branch.
+ OPTIONS: Allowed HTTP Methods: GET, POST, OPTIONS, HEAD .
+ /phpinfo.php: Output from the phpinfo() function was found.
+ /phpinfo.php: PHP is installed, and a test script which runs phpinfo() was found. This gives a lot of system information. See: CWE-552
+ 8102 requests: 0 error(s) and 7 item(s) reported on remote host
+ End Time:           2023-06-28 21:43:19 (GMT2) (30 seconds)
---------------------------------------------------------------------------
+ 1 host(s) tested
