WhatWeb report for http://10.77.0.93
Status    : 200 OK
Title     : Draco:dG9vIGVhc3kgbm8/IFBvdHRlcg==
IP        : 10.77.0.93
Country   : RESERVED, ZZ

Summary   : Apache[2.4.46], HTTPServer[Ubuntu Linux][Apache/2.4.46 (Ubuntu)]

Detected Plugins:
[ Apache ]
	The Apache HTTP Server Project is an effort to develop and 
	maintain an open-source HTTP server for modern operating 
	systems including UNIX and Windows NT. The goal of this 
	project is to provide a secure, efficient and extensible 
	server that provides HTTP services in sync with the current 
	HTTP standards. 

	Version      : 2.4.46 (from HTTP Server Header)
	Google Dorks: (3)
	Website     : http://httpd.apache.org/

[ HTTPServer ]
	HTTP server header string. This plugin also attempts to 
	identify the operating system from the server header. 

	OS           : Ubuntu Linux
	String       : Apache/2.4.46 (Ubuntu) (from server string)

HTTP Headers:
	HTTP/1.1 200 OK
	Date: Wed, 28 Jun 2023 19:45:21 GMT
	Server: Apache/2.4.46 (Ubuntu)
	Last-Modified: Sun, 08 Nov 2020 09:58:49 GMT
	ETag: "2ae1-5b3957e06e486-gzip"
	Accept-Ranges: bytes
	Vary: Accept-Encoding
	Content-Encoding: gzip
	Content-Length: 3185
	Connection: close
	Content-Type: text/html
	
