WhatWeb report for http://symfonos.local
Status    : 200 OK
Title     : <None>
IP        : 10.77.0.59
Country   : RESERVED, ZZ

Summary   : Apache[2.4.38], HTTPServer[Debian Linux][Apache/2.4.38 (Debian)]

Detected Plugins:
[ Apache ]
	The Apache HTTP Server Project is an effort to develop and 
	maintain an open-source HTTP server for modern operating 
	systems including UNIX and Windows NT. The goal of this 
	project is to provide a secure, efficient and extensible 
	server that provides HTTP services in sync with the current 
	HTTP standards. 

	Version      : 2.4.38 (from HTTP Server Header)
	Google Dorks: (3)
	Website     : http://httpd.apache.org/

[ HTTPServer ]
	HTTP server header string. This plugin also attempts to 
	identify the operating system from the server header. 

	OS           : Debian Linux
	String       : Apache/2.4.38 (Debian) (from server string)

HTTP Headers:
	HTTP/1.1 200 OK
	Date: Fri, 28 Apr 2023 18:06:14 GMT
	Server: Apache/2.4.38 (Debian)
	Last-Modified: Sat, 17 Aug 2019 23:46:30 GMT
	ETag: "c9-59058b74c9871-gzip"
	Accept-Ranges: bytes
	Vary: Accept-Encoding
	Content-Encoding: gzip
	Content-Length: 159
	Connection: close
	Content-Type: text/html
	
