WhatWeb report for http://pinkys:8080
Status    : 403 Forbidden
Title     : 403 Forbidden
IP        : 10.77.0.73
Country   : RESERVED, ZZ

Summary   : HTTPServer[nginx/1.10.3], nginx[1.10.3]

Detected Plugins:
[ HTTPServer ]
	HTTP server header string. This plugin also attempts to 
	identify the operating system from the server header. 

	String       : nginx/1.10.3 (from server string)

[ nginx ]
	Nginx (Engine-X) is a free, open-source, high-performance 
	HTTP server and reverse proxy, as well as an IMAP/POP3 
	proxy server. 

	Version      : 1.10.3
	Website     : http://nginx.net/

HTTP Headers:
	HTTP/1.1 403 Forbidden
	Server: nginx/1.10.3
	Date: Sat, 06 May 2023 12:04:58 GMT
	Content-Type: text/html
	Transfer-Encoding: chunked
	Connection: close
	Content-Encoding: gzip
	
