- Nikto v2.5.0
---------------------------------------------------------------------------
+ Target IP:          10.77.0.55
+ Target Hostname:    10.77.0.55
+ Target Port:        80
+ Start Time:         2023-04-27 15:02:28 (GMT2)
---------------------------------------------------------------------------
+ Server: Apache/2.4.10 (Debian)
+ /: The anti-clickjacking X-Frame-Options header is not present. See: https://developer.mozilla.org/en-US/docs/Web/HTTP/Headers/X-Frame-Options
+ /: The X-Content-Type-Options header is not set. This could allow the user agent to render the content of the site in a different fashion to the MIME type. See: https://www.netsparker.com/web-vulnerability-scanner/vulnerabilities/missing-content-type-header/
+ /: Cookie PHPSESSID created without the httponly flag. See: https://developer.mozilla.org/en-US/docs/Web/HTTP/Cookies
+ No CGI Directories found (use '-C all' to force check all possible dirs)
+ Apache/2.4.10 appears to be outdated (current is at least Apache/2.4.54). Apache 2.2.34 is the EOL for the 2.x branch.
+ /images: IP address found in the 'location' header. The IP is "127.0.1.1". See: https://portswigger.net/kb/issues/00600300_private-ip-addresses-disclosed
+ /images: The web server may reveal its internal or real IP in the Location header via a request to with HTTP/1.0. The value is "127.0.1.1". See: http://cve.mitre.org/cgi-bin/cvename.cgi?name=CVE-2000-0649
+ /: Web Server returns a valid response with junk HTTP methods which may cause false positives.
+ /: DEBUG HTTP verb may show server debugging information. See: https://docs.microsoft.com/en-us/visualstudio/debugger/how-to-enable-debugging-for-aspnet-applications?view=vs-2017
+ /backup/: Directory indexing found.
+ /backup/: This might be interesting.
+ /images/: Directory indexing found.
+ /docs/: Directory indexing found.
+ /styles/: Directory indexing found.
+ /INSTALL.txt: Default file found.
+ /icons/README: Apache default file found. See: https://www.vntweb.co.uk/apache-restricting-access-to-iconsreadme/
+ /admin/home.php: Admin login page/section found.
+ 8103 requests: 0 error(s) and 16 item(s) reported on remote host
+ End Time:           2023-04-27 15:03:01 (GMT2) (33 seconds)
---------------------------------------------------------------------------
+ 1 host(s) tested
