# Nmap 7.93 scan initiated Thu Apr 27 15:02:22 2023 as: nmap -sV -sC -oN nmap-db9.log 10.77.0.55
Nmap scan report for test.driftingblues.box (10.77.0.55)
Host is up (0.00028s latency).
Not shown: 998 closed tcp ports (conn-refused)
PORT    STATE SERVICE VERSION
80/tcp  open  http    Apache httpd 2.4.10 ((Debian))
|_http-server-header: Apache/2.4.10 (Debian)
|_http-generator: ApPHP MicroBlog vCURRENT_VERSION
| http-cookie-flags: 
|   /: 
|     PHPSESSID: 
|_      httponly flag not set
|_http-title: ApPHP MicroBlog
111/tcp open  rpcbind 2-4 (RPC #100000)
| rpcinfo: 
|   program version    port/proto  service
|   100000  2,3,4        111/tcp   rpcbind
|   100000  2,3,4        111/udp   rpcbind
|   100000  3,4          111/tcp6  rpcbind
|   100000  3,4          111/udp6  rpcbind
|   100024  1          36103/tcp   status
|   100024  1          40052/tcp6  status
|   100024  1          56976/udp   status
|_  100024  1          59556/udp6  status

Service detection performed. Please report any incorrect results at https://nmap.org/submit/ .
# Nmap done at Thu Apr 27 15:02:29 2023 -- 1 IP address (1 host up) scanned in 6.48 seconds
