WhatWeb report for http://driftingblues.box
Status    : 200 OK
Title     : ApPHP MicroBlog
IP        : 10.77.0.55
Country   : RESERVED, ZZ

Summary   : Apache[2.4.10], Cookies[PHPSESSID], Email[admin@domain.com], HTTPServer[Debian Linux][Apache/2.4.10 (Debian)], Meta-Author[ApPHP Company - Advanced Power of PHP], MetaGenerator[ApPHP MicroBlog vCURRENT_VERSION], Script[text/javascript]

Detected Plugins:
[ Apache ]
	The Apache HTTP Server Project is an effort to develop and 
	maintain an open-source HTTP server for modern operating 
	systems including UNIX and Windows NT. The goal of this 
	project is to provide a secure, efficient and extensible 
	server that provides HTTP services in sync with the current 
	HTTP standards. 

	Version      : 2.4.10 (from HTTP Server Header)
	Google Dorks: (3)
	Website     : http://httpd.apache.org/

[ Cookies ]
	Display the names of cookies in the HTTP headers. The 
	values are not returned to save on space. 

	String       : PHPSESSID

[ Email ]
	Extract email addresses. Find valid email address and 
	syntactically invalid email addresses from mailto: link 
	tags. We match syntactically invalid links containing 
	mailto: to catch anti-spam email addresses, eg. bob at 
	gmail.com. This uses the simplified email regular 
	expression from 
	http://www.regular-expressions.info/email.html for valid 
	email address matching. 

	String       : admin@domain.com
	String       : admin@domain.com

[ HTTPServer ]
	HTTP server header string. This plugin also attempts to 
	identify the operating system from the server header. 

	OS           : Debian Linux
	String       : Apache/2.4.10 (Debian) (from server string)

[ Meta-Author ]
	This plugin retrieves the author name from the meta name 
	tag - info: 
	http://www.webmarketingnow.com/tips/meta-tags-uncovered.html
	#author

	String       : ApPHP Company - Advanced Power of PHP

[ MetaGenerator ]
	This plugin identifies meta generator tags and extracts its 
	value. 

	String       : ApPHP MicroBlog vCURRENT_VERSION

[ Script ]
	This plugin detects instances of script HTML elements and 
	returns the script language/type. 

	String       : text/javascript

HTTP Headers:
	HTTP/1.1 200 OK
	Date: Thu, 27 Apr 2023 13:02:26 GMT
	Server: Apache/2.4.10 (Debian)
	Set-Cookie: PHPSESSID=g2otcc192b8o90768e1puv3ir4; path=/
	Expires: Thu, 19 Nov 1981 08:52:00 GMT
	Cache-Control: no-store, no-cache, must-revalidate, post-check=0, pre-check=0
	Pragma: no-cache
	Vary: Accept-Encoding
	Content-Encoding: gzip
	Content-Length: 1914
	Connection: close
	Content-Type: text/html; charset=UTF-8
	
