# Nmap 7.93 scan initiated Wed May  3 20:29:24 2023 as: nmap -sV -sC -oN nmap-dc7.log 10.77.0.71
Nmap scan report for dc.local (10.77.0.71)
Host is up (0.00019s latency).
Not shown: 998 closed tcp ports (conn-refused)
PORT   STATE SERVICE VERSION
22/tcp open  ssh     OpenSSH 7.4p1 Debian 10+deb9u6 (protocol 2.0)
| ssh-hostkey: 
|   2048 d002e9c75d9532ab10998984343d1ef9 (RSA)
|   256 d0d64035a734a90a7934eea96addf48f (ECDSA)
|_  256 a855d57693ed4f6ff1f7a1842fafbbe1 (ED25519)
80/tcp open  http    Apache httpd 2.4.25 ((Debian))
|_http-server-header: Apache/2.4.25 (Debian)
|_http-title: Welcome to DC-7 | D7
|_http-generator: Drupal 8 (https://www.drupal.org)
| http-robots.txt: 22 disallowed entries (15 shown)
| /core/ /profiles/ /README.txt /web.config /admin/ 
| /comment/reply/ /filter/tips /node/add/ /search/ /user/register/ 
| /user/password/ /user/login/ /user/logout/ /index.php/admin/ 
|_/index.php/comment/reply/
Service Info: OS: Linux; CPE: cpe:/o:linux:linux_kernel

Service detection performed. Please report any incorrect results at https://nmap.org/submit/ .
# Nmap done at Wed May  3 20:29:38 2023 -- 1 IP address (1 host up) scanned in 13.36 seconds
