- Nikto v2.5.0
---------------------------------------------------------------------------
+ Target IP:          10.77.0.77
+ Target Hostname:    10.77.0.77
+ Target Port:        80
+ Start Time:         2023-06-06 21:17:09 (GMT2)
---------------------------------------------------------------------------
+ Server: Apache/2.2.22 (Ubuntu)
+ /: Server may leak inodes via ETags, header found with file /, inode: 3803593, size: 7970, mtime: Thu Jun  8 21:18:30 2017. See: http://cve.mitre.org/cgi-bin/cvename.cgi?name=CVE-2003-1418
+ /: The anti-clickjacking X-Frame-Options header is not present. See: https://developer.mozilla.org/en-US/docs/Web/HTTP/Headers/X-Frame-Options
+ /: The X-Content-Type-Options header is not set. This could allow the user agent to render the content of the site in a different fashion to the MIME type. See: https://www.netsparker.com/web-vulnerability-scanner/vulnerabilities/missing-content-type-header/
+ /index: Uncommon header 'tcn' found, with contents: list.
+ /index: Apache mod_negotiation is enabled with MultiViews, which allows attackers to easily brute force file names. The following alternatives for 'index' were found: index.html. See: http://www.wisec.it/sectou.php?id=4698ebdc59d15,https://exchange.xforce.ibmcloud.com/vulnerabilities/8275
+ Apache/2.2.22 appears to be outdated (current is at least Apache/2.4.54). Apache 2.2.34 is the EOL for the 2.x branch.
+ OPTIONS: Allowed HTTP Methods: POST, OPTIONS, GET, HEAD .
+ /css/: Directory indexing found.
+ /css/: This might be interesting.
+ /img/: Directory indexing found.
+ /img/: This might be interesting.
+ /icons/README: Apache default file found. See: https://www.vntweb.co.uk/apache-restricting-access-to-iconsreadme/
+ /view.php?ariadne=http://blog.cirt.net/rfiinc.txt?: Retrieved x-powered-by header: PHP/5.3.10-1ubuntu3.26.
+ /#wp-config.php#: #wp-config.php# file found. This file contains the credentials.
+ /README.md: Readme Found.
+ 8881 requests: 0 error(s) and 15 item(s) reported on remote host
+ End Time:           2023-06-06 21:17:31 (GMT2) (22 seconds)
---------------------------------------------------------------------------
+ 1 host(s) tested
