- Nikto v2.5.0
---------------------------------------------------------------------------
+ Target IP:          10.77.0.53
+ Target Hostname:    10.77.0.53
+ Target Port:        80
+ Start Time:         2023-04-27 11:12:17 (GMT2)
---------------------------------------------------------------------------
+ Server: Apache/2.2.22 (Debian)
+ /: Server may leak inodes via ETags, header found with file /, inode: 14067, size: 750, mtime: Mon Mar 15 14:36:18 2021. See: http://cve.mitre.org/cgi-bin/cvename.cgi?name=CVE-2003-1418
+ /: The anti-clickjacking X-Frame-Options header is not present. See: https://developer.mozilla.org/en-US/docs/Web/HTTP/Headers/X-Frame-Options
+ /: The X-Content-Type-Options header is not set. This could allow the user agent to render the content of the site in a different fashion to the MIME type. See: https://www.netsparker.com/web-vulnerability-scanner/vulnerabilities/missing-content-type-header/
+ /textpattern/textpattern/: Retrieved x-powered-by header: PHP/5.5.38-1~dotdeb+7.1.
+ /textpattern/textpattern/: Cookie txp_test_cookie created without the httponly flag. See: https://developer.mozilla.org/en-US/docs/Web/HTTP/Cookies
+ /robots.txt: Entry '/textpattern/textpattern/' is returned a non-forbidden or redirect HTTP code (200). See: https://portswigger.net/kb/issues/00600600_robots-txt-file
+ /robots.txt: contains 1 entry which should be manually viewed. See: https://developer.mozilla.org/en-US/docs/Glossary/Robots.txt
+ /index: Uncommon header 'tcn' found, with contents: list.
+ /index: Apache mod_negotiation is enabled with MultiViews, which allows attackers to easily brute force file names. The following alternatives for 'index' were found: index.html. See: http://www.wisec.it/sectou.php?id=4698ebdc59d15,https://exchange.xforce.ibmcloud.com/vulnerabilities/8275
+ Apache/2.2.22 appears to be outdated (current is at least Apache/2.4.54). Apache 2.2.34 is the EOL for the 2.x branch.
+ OPTIONS: Allowed HTTP Methods: GET, HEAD, POST, OPTIONS .
+ /icons/README: Apache default file found. See: https://www.vntweb.co.uk/apache-restricting-access-to-iconsreadme/
+ /#wp-config.php#: #wp-config.php# file found. This file contains the credentials.
+ 8910 requests: 0 error(s) and 13 item(s) reported on remote host
+ End Time:           2023-04-27 11:12:51 (GMT2) (34 seconds)
---------------------------------------------------------------------------
+ 1 host(s) tested
