WhatWeb report for http://driftingblues.box
Status    : 200 OK
Title     : driftingblues
IP        : 10.77.0.53
Country   : RESERVED, ZZ

Summary   : Apache[2.2.22], HTML5, HTTPServer[Debian Linux][Apache/2.2.22 (Debian)]

Detected Plugins:
[ Apache ]
	The Apache HTTP Server Project is an effort to develop and 
	maintain an open-source HTTP server for modern operating 
	systems including UNIX and Windows NT. The goal of this 
	project is to provide a secure, efficient and extensible 
	server that provides HTTP services in sync with the current 
	HTTP standards. 

	Version      : 2.2.22 (from HTTP Server Header)
	Google Dorks: (3)
	Website     : http://httpd.apache.org/

[ HTML5 ]
	HTML version 5, detected by the doctype declaration 


[ HTTPServer ]
	HTTP server header string. This plugin also attempts to 
	identify the operating system from the server header. 

	OS           : Debian Linux
	String       : Apache/2.2.22 (Debian) (from server string)

HTTP Headers:
	HTTP/1.1 200 OK
	Date: Thu, 27 Apr 2023 09:27:52 GMT
	Server: Apache/2.2.22 (Debian)
	Last-Modified: Mon, 15 Mar 2021 13:36:18 GMT
	ETag: "36f3-2ee-5bd9355a0d880"
	Accept-Ranges: bytes
	Vary: Accept-Encoding
	Content-Encoding: gzip
	Content-Length: 396
	Connection: close
	Content-Type: text/html
	
WhatWeb report for http://driftingblues.box
Status    : 200 OK
Title     : driftingblues
IP        : 10.77.0.53
Country   : RESERVED, ZZ

Summary   : Apache[2.2.22], HTML5, HTTPServer[Debian Linux][Apache/2.2.22 (Debian)]

Detected Plugins:
[ Apache ]
	The Apache HTTP Server Project is an effort to develop and 
	maintain an open-source HTTP server for modern operating 
	systems including UNIX and Windows NT. The goal of this 
	project is to provide a secure, efficient and extensible 
	server that provides HTTP services in sync with the current 
	HTTP standards. 

	Version      : 2.2.22 (from HTTP Server Header)
	Google Dorks: (3)
	Website     : http://httpd.apache.org/

[ HTML5 ]
	HTML version 5, detected by the doctype declaration 


[ HTTPServer ]
	HTTP server header string. This plugin also attempts to 
	identify the operating system from the server header. 

	OS           : Debian Linux
	String       : Apache/2.2.22 (Debian) (from server string)

HTTP Headers:
	HTTP/1.1 200 OK
	Date: Thu, 27 Apr 2023 09:28:14 GMT
	Server: Apache/2.2.22 (Debian)
	Last-Modified: Mon, 15 Mar 2021 13:36:18 GMT
	ETag: "36f3-2ee-5bd9355a0d880"
	Accept-Ranges: bytes
	Vary: Accept-Encoding
	Content-Encoding: gzip
	Content-Length: 396
	Connection: close
	Content-Type: text/html
	
