WhatWeb report for http://driftingblues.box/textpattern/textpattern
Status    : 301 Moved Permanently
Title     : 301 Moved Permanently
IP        : 10.77.0.53
Country   : RESERVED, ZZ

Summary   : Apache[2.2.22], HTTPServer[Debian Linux][Apache/2.2.22 (Debian)], RedirectLocation[http://driftingblues.box/textpattern/textpattern/]

Detected Plugins:
[ Apache ]
	The Apache HTTP Server Project is an effort to develop and 
	maintain an open-source HTTP server for modern operating 
	systems including UNIX and Windows NT. The goal of this 
	project is to provide a secure, efficient and extensible 
	server that provides HTTP services in sync with the current 
	HTTP standards. 

	Version      : 2.2.22 (from HTTP Server Header)
	Google Dorks: (3)
	Website     : http://httpd.apache.org/

[ HTTPServer ]
	HTTP server header string. This plugin also attempts to 
	identify the operating system from the server header. 

	OS           : Debian Linux
	String       : Apache/2.2.22 (Debian) (from server string)

[ RedirectLocation ]
	HTTP Server string location. used with http-status 301 and 
	302 

	String       : http://driftingblues.box/textpattern/textpattern/ (from location)

HTTP Headers:
	HTTP/1.1 301 Moved Permanently
	Date: Thu, 27 Apr 2023 09:35:35 GMT
	Server: Apache/2.2.22 (Debian)
	Location: http://driftingblues.box/textpattern/textpattern/
	Vary: Accept-Encoding
	Content-Encoding: gzip
	Content-Length: 254
	Connection: close
	Content-Type: text/html; charset=iso-8859-1
	
WhatWeb report for http://driftingblues.box/textpattern/textpattern/
Status    : 200 OK
Title     : Log in - driftingblues &#124; Textpattern CMS
IP        : 10.77.0.53
Country   : RESERVED, ZZ

Summary   : Apache[2.2.22], Cookies[txp_test_cookie], HTML5, HTTPServer[Debian Linux][Apache/2.2.22 (Debian)], JQuery, MetaGenerator[Textpattern CMS], PasswordField[p_password], PHP[5.5.38-1~dotdeb+7.1], Script, UncommonHeaders[content-security-policy], X-Frame-Options[SAMEORIGIN], X-Powered-By[PHP/5.5.38-1~dotdeb+7.1]

Detected Plugins:
[ Apache ]
	The Apache HTTP Server Project is an effort to develop and 
	maintain an open-source HTTP server for modern operating 
	systems including UNIX and Windows NT. The goal of this 
	project is to provide a secure, efficient and extensible 
	server that provides HTTP services in sync with the current 
	HTTP standards. 

	Version      : 2.2.22 (from HTTP Server Header)
	Google Dorks: (3)
	Website     : http://httpd.apache.org/

[ Cookies ]
	Display the names of cookies in the HTTP headers. The 
	values are not returned to save on space. 

	String       : txp_test_cookie

[ HTML5 ]
	HTML version 5, detected by the doctype declaration 


[ HTTPServer ]
	HTTP server header string. This plugin also attempts to 
	identify the operating system from the server header. 

	OS           : Debian Linux
	String       : Apache/2.2.22 (Debian) (from server string)

[ JQuery ]
	A fast, concise, JavaScript that simplifies how to traverse 
	HTML documents, handle events, perform animations, and add 
	AJAX. 

	Website     : http://jquery.com/

[ MetaGenerator ]
	This plugin identifies meta generator tags and extracts its 
	value. 

	String       : Textpattern CMS

[ PHP ]
	PHP is a widely-used general-purpose scripting language 
	that is especially suited for Web development and can be 
	embedded into HTML. This plugin identifies PHP errors, 
	modules and versions and extracts the local file path and 
	username if present. 

	Version      : 5.5.38-1~dotdeb+7.1
	Google Dorks: (2)
	Website     : http://www.php.net/

[ PasswordField ]
	find password fields 

	String       : p_password (from field name)

[ Script ]
	This plugin detects instances of script HTML elements and 
	returns the script language/type. 


[ UncommonHeaders ]
	Uncommon HTTP server headers. The blacklist includes all 
	the standard headers and many non standard but common ones. 
	Interesting but fairly common headers should have their own 
	plugins, eg. x-powered-by, server and x-aspnet-version. 
	Info about headers can be found at www.http-stats.com 

	String       : content-security-policy (from headers)

[ X-Frame-Options ]
	This plugin retrieves the X-Frame-Options value from the 
	HTTP header. - More Info: 
	http://msdn.microsoft.com/en-us/library/cc288472%28VS.85%29.
	aspx

	String       : SAMEORIGIN

[ X-Powered-By ]
	X-Powered-By HTTP header 

	String       : PHP/5.5.38-1~dotdeb+7.1 (from x-powered-by string)

HTTP Headers:
	HTTP/1.1 200 OK
	Date: Thu, 27 Apr 2023 09:35:36 GMT
	Server: Apache/2.2.22 (Debian)
	X-Powered-By: PHP/5.5.38-1~dotdeb+7.1
	Set-Cookie: txp_test_cookie=1
	Content-Security-Policy: frame-ancestors 'self'
	X-Frame-Options: SAMEORIGIN
	Vary: Accept-Encoding
	Content-Encoding: gzip
	Content-Length: 1882
	Connection: close
	Content-Type: text/html; charset=utf-8
	
