# Nmap 7.92 scan initiated Tue Jul  5 19:25:59 2022 as: nmap -A -oN aggresive-nmap.log 10.10.70.244
Nmap scan report for 10.10.70.244
Host is up (0.070s latency).
Not shown: 989 filtered tcp ports (no-response)
PORT     STATE SERVICE       VERSION
53/tcp   open  domain        Simple DNS Plus
88/tcp   open  kerberos-sec  Microsoft Windows Kerberos (server time: 2022-07-05 17:26:13Z)
135/tcp  open  msrpc         Microsoft Windows RPC
139/tcp  open  netbios-ssn   Microsoft Windows netbios-ssn
389/tcp  open  ldap          Microsoft Windows Active Directory LDAP (Domain: vulnnet-rst.local0., Site: Default-First-Site-Name)
445/tcp  open  microsoft-ds?
464/tcp  open  kpasswd5?
593/tcp  open  ncacn_http    Microsoft Windows RPC over HTTP 1.0
636/tcp  open  tcpwrapped
3268/tcp open  ldap          Microsoft Windows Active Directory LDAP (Domain: vulnnet-rst.local0., Site: Default-First-Site-Name)
3269/tcp open  tcpwrapped
Warning: OSScan results may be unreliable because we could not find at least 1 open and 1 closed port
OS fingerprint not ideal because: Missing a closed TCP port so results incomplete
No OS matches for host
Network Distance: 2 hops
Service Info: Host: WIN-2BO8M1OE1M1; OS: Windows; CPE: cpe:/o:microsoft:windows

Host script results:
| smb2-security-mode: 
|   3.1.1: 
|_    Message signing enabled and required
| smb2-time: 
|   date: 2022-07-05T17:26:32
|_  start_date: N/A

TRACEROUTE (using port 135/tcp)
HOP RTT      ADDRESS
1   53.69 ms 10.18.0.1
2   65.82 ms 10.10.70.244

OS and Service detection performed. Please report any incorrect results at https://nmap.org/submit/ .
# Nmap done at Tue Jul  5 19:27:10 2022 -- 1 IP address (1 host up) scanned in 70.90 seconds
