# Nmap 7.92 scan initiated Tue Jul  5 19:21:28 2022 as: nmap --script=vuln -oN nmap.log 10.10.70.244
Nmap scan report for 10.10.70.244
Host is up (0.082s latency).
Not shown: 989 filtered tcp ports (no-response)
PORT     STATE SERVICE
53/tcp   open  domain
88/tcp   open  kerberos-sec
135/tcp  open  msrpc
139/tcp  open  netbios-ssn
389/tcp  open  ldap
445/tcp  open  microsoft-ds
464/tcp  open  kpasswd5
593/tcp  open  http-rpc-epmap
636/tcp  open  ldapssl
|_ssl-ccs-injection: No reply from server (TIMEOUT)
3268/tcp open  globalcatLDAP
3269/tcp open  globalcatLDAPssl
|_ssl-ccs-injection: No reply from server (TIMEOUT)

Host script results:
|_samba-vuln-cve-2012-1182: Could not negotiate a connection:SMB: Failed to receive bytes: ERROR
|_smb-vuln-ms10-054: false
|_smb-vuln-ms10-061: Could not negotiate a connection:SMB: Failed to receive bytes: ERROR

# Nmap done at Tue Jul  5 19:22:21 2022 -- 1 IP address (1 host up) scanned in 53.03 seconds
