- Nikto v2.5.0
---------------------------------------------------------------------------
+ Target IP:          10.77.0.61
+ Target Hostname:    dc.local
+ Target Port:        80
+ Start Time:         2023-04-30 14:04:57 (GMT2)
---------------------------------------------------------------------------
+ Server: Apache/2.2.22 (Debian)
+ /: Retrieved x-powered-by header: PHP/5.4.45-0+deb7u14.
+ /: The anti-clickjacking X-Frame-Options header is not present. See: https://developer.mozilla.org/en-US/docs/Web/HTTP/Headers/X-Frame-Options
+ /: Drupal 7 was identified via the x-generator header. See: https://www.drupal.org/project/remove_http_headers
+ /: The X-Content-Type-Options header is not set. This could allow the user agent to render the content of the site in a different fashion to the MIME type. See: https://www.netsparker.com/web-vulnerability-scanner/vulnerabilities/missing-content-type-header/
+ /robots.txt: Server may leak inodes via ETags, header found with file /robots.txt, inode: 152289, size: 1561, mtime: Wed Nov 20 21:45:59 2013. See: http://cve.mitre.org/cgi-bin/cvename.cgi?name=CVE-2003-1418
+ /robots.txt: Entry '/INSTALL.sqlite.txt' is returned a non-forbidden or redirect HTTP code (200). See: https://portswigger.net/kb/issues/00600600_robots-txt-file
+ /robots.txt: Entry '/LICENSE.txt' is returned a non-forbidden or redirect HTTP code (200). See: https://portswigger.net/kb/issues/00600600_robots-txt-file
+ /robots.txt: Entry '/install.php' is returned a non-forbidden or redirect HTTP code (200). See: https://portswigger.net/kb/issues/00600600_robots-txt-file
+ /robots.txt: Entry '/?q=user/password/' is returned a non-forbidden or redirect HTTP code (200). See: https://portswigger.net/kb/issues/00600600_robots-txt-file
+ /robots.txt: Entry '/user/login/' is returned a non-forbidden or redirect HTTP code (200). See: https://portswigger.net/kb/issues/00600600_robots-txt-file
+ /robots.txt: Entry '/user/password/' is returned a non-forbidden or redirect HTTP code (200). See: https://portswigger.net/kb/issues/00600600_robots-txt-file
+ /robots.txt: Entry '/INSTALL.pgsql.txt' is returned a non-forbidden or redirect HTTP code (200). See: https://portswigger.net/kb/issues/00600600_robots-txt-file
+ /robots.txt: Entry '/UPGRADE.txt' is returned a non-forbidden or redirect HTTP code (200). See: https://portswigger.net/kb/issues/00600600_robots-txt-file
+ /robots.txt: Entry '/user/register/' is returned a non-forbidden or redirect HTTP code (200). See: https://portswigger.net/kb/issues/00600600_robots-txt-file
+ /robots.txt: Entry '/?q=filter/tips/' is returned a non-forbidden or redirect HTTP code (200). See: https://portswigger.net/kb/issues/00600600_robots-txt-file
+ /robots.txt: Entry '/xmlrpc.php' is returned a non-forbidden or redirect HTTP code (200). See: https://portswigger.net/kb/issues/00600600_robots-txt-file
+ /robots.txt: Entry '/MAINTAINERS.txt' is returned a non-forbidden or redirect HTTP code (200). See: https://portswigger.net/kb/issues/00600600_robots-txt-file
+ /robots.txt: Entry '/INSTALL.mysql.txt' is returned a non-forbidden or redirect HTTP code (200). See: https://portswigger.net/kb/issues/00600600_robots-txt-file
+ /robots.txt: Entry '/?q=user/login/' is returned a non-forbidden or redirect HTTP code (200). See: https://portswigger.net/kb/issues/00600600_robots-txt-file
+ /robots.txt: Entry '/?q=user/register/' is returned a non-forbidden or redirect HTTP code (200). See: https://portswigger.net/kb/issues/00600600_robots-txt-file
+ /robots.txt: Entry '/filter/tips/' is returned a non-forbidden or redirect HTTP code (200). See: https://portswigger.net/kb/issues/00600600_robots-txt-file
+ /robots.txt: contains 36 entries which should be manually viewed. See: https://developer.mozilla.org/en-US/docs/Glossary/Robots.txt
+ Apache/2.2.22 appears to be outdated (current is at least Apache/2.4.54). Apache 2.2.34 is the EOL for the 2.x branch.
+ /misc/favicon.ico: identifies this app/server as: Drupal 7.x. See: https://en.wikipedia.org/wiki/Favicon
+ /: Web Server returns a valid response with junk HTTP methods which may cause false positives.
+ /: DEBUG HTTP verb may show server debugging information. See: https://docs.microsoft.com/en-us/visualstudio/debugger/how-to-enable-debugging-for-aspnet-applications?view=vs-2017
+ /web.config: ASP config file is accessible.
+ /?=PHPB8B5F2A0-3C92-11d3-A3A9-4C7B08C10000: PHP reveals potentially sensitive information via certain HTTP requests that contain specific QUERY strings. See: OSVDB-12184
+ /?=PHPE9568F36-D428-11d2-A769-00AA001ACF42: PHP reveals potentially sensitive information via certain HTTP requests that contain specific QUERY strings. See: OSVDB-12184
+ /?=PHPE9568F34-D428-11d2-A769-00AA001ACF42: PHP reveals potentially sensitive information via certain HTTP requests that contain specific QUERY strings. See: OSVDB-12184
+ /?=PHPE9568F35-D428-11d2-A769-00AA001ACF42: PHP reveals potentially sensitive information via certain HTTP requests that contain specific QUERY strings. See: OSVDB-12184
+ /user/: This might be interesting.
+ /README: Uncommon header 'tcn' found, with contents: choice.
+ /README: README file found.
+ /UPGRADE.txt: Default file found.
+ /install.php: Drupal install.php file found. See: https://drupal.stackexchange.com/questions/269076/how-do-i-restrict-access-to-the-install-php-filehttps://drupal.stackexchange.com/questions/269076/how-do-i-restrict-access-to-the-install-php-file
+ /install.php: install.php file found.
+ /LICENSE.txt: License file found may identify site software.
+ /xmlrpc.php: xmlrpc.php was found.
+ /INSTALL.mysql.txt: Drupal installation file found. See: https://drupal.stackexchange.com/questions/269076/how-do-i-restrict-access-to-the-install-php-file
+ /INSTALL.pgsql.txt: Drupal installation file found. See: https://drupal.stackexchange.com/questions/269076/how-do-i-restrict-access-to-the-install-php-file
+ /icons/README: Apache default file found. See: https://www.vntweb.co.uk/apache-restricting-access-to-iconsreadme/
+ 9613 requests: 0 error(s) and 42 item(s) reported on remote host
+ End Time:           2023-04-30 14:20:32 (GMT2) (935 seconds)
---------------------------------------------------------------------------
+ 1 host(s) tested
