# Nmap 7.92 scan initiated Fri Aug  5 17:17:41 2022 as: nmap -p- -sS -sV -oN nmap.log 10.10.228.180
Nmap scan report for 10.10.228.180
Host is up (0.054s latency).
Not shown: 65500 filtered tcp ports (no-response)
PORT      STATE SERVICE             VERSION
53/tcp    open  domain              Simple DNS Plus
80/tcp    open  http                Microsoft IIS httpd 10.0
88/tcp    open  kerberos-sec        Microsoft Windows Kerberos (server time: 2022-08-05 15:19:51Z)
135/tcp   open  msrpc               Microsoft Windows RPC
139/tcp   open  netbios-ssn         Microsoft Windows netbios-ssn
389/tcp   open  ldap                Microsoft Windows Active Directory LDAP (Domain: windcorp.thm0., Site: Default-First-Site-Name)
445/tcp   open  microsoft-ds?
464/tcp   open  kpasswd5?
593/tcp   open  ncacn_http          Microsoft Windows RPC over HTTP 1.0
636/tcp   open  ldapssl?
2179/tcp  open  vmrdp?
3268/tcp  open  ldap                Microsoft Windows Active Directory LDAP (Domain: windcorp.thm0., Site: Default-First-Site-Name)
3269/tcp  open  globalcatLDAPssl?
3389/tcp  open  ms-wbt-server       Microsoft Terminal Services
5222/tcp  open  jabber
5223/tcp  open  ssl/jabber
5229/tcp  open  jaxflow?
5262/tcp  open  jabber
5263/tcp  open  ssl/jabber
5269/tcp  open  xmpp                Wildfire XMPP Client
5270/tcp  open  ssl/xmpp            Wildfire XMPP Client
5275/tcp  open  jabber
5276/tcp  open  ssl/jabber
5985/tcp  open  http                Microsoft HTTPAPI httpd 2.0 (SSDP/UPnP)
7070/tcp  open  http                Jetty 9.4.18.v20190429
7443/tcp  open  ssl/http            Jetty 9.4.18.v20190429
7777/tcp  open  socks5              (No authentication; connection failed)
9090/tcp  open  zeus-admin?
9091/tcp  open  ssl/xmltec-xmlmail?
9389/tcp  open  mc-nmf              .NET Message Framing
49669/tcp open  msrpc               Microsoft Windows RPC
49674/tcp open  ncacn_http          Microsoft Windows RPC over HTTP 1.0
49675/tcp open  msrpc               Microsoft Windows RPC
49676/tcp open  msrpc               Microsoft Windows RPC
49696/tcp open  msrpc               Microsoft Windows RPC
8 services unrecognized despite returning data. If you know the service/version, please submit the following fingerprints at https://nmap.org/cgi-bin/submit.cgi?new-service :
==============NEXT SERVICE FINGERPRINT (SUBMIT INDIVIDUALLY)==============
SF-Port5222-TCP:V=7.92%I=7%D=8/5%Time=62ED352B%P=x86_64-pc-linux-gnu%r(RPC
SF:Check,9B,"<stream:error\x20xmlns:stream=\"http://etherx\.jabber\.org/st
SF:reams\"><not-well-formed\x20xmlns=\"urn:ietf:params:xml:ns:xmpp-streams
SF:\"/></stream:error></stream:stream>");
==============NEXT SERVICE FINGERPRINT (SUBMIT INDIVIDUALLY)==============
SF-Port5223-TCP:V=7.92%T=SSL%I=7%D=8/5%Time=62ED3537%P=x86_64-pc-linux-gnu
SF:%r(RPCCheck,9B,"<stream:error\x20xmlns:stream=\"http://etherx\.jabber\.
SF:org/streams\"><not-well-formed\x20xmlns=\"urn:ietf:params:xml:ns:xmpp-s
SF:treams\"/></stream:error></stream:stream>");
==============NEXT SERVICE FINGERPRINT (SUBMIT INDIVIDUALLY)==============
SF-Port5262-TCP:V=7.92%I=7%D=8/5%Time=62ED352B%P=x86_64-pc-linux-gnu%r(RPC
SF:Check,9B,"<stream:error\x20xmlns:stream=\"http://etherx\.jabber\.org/st
SF:reams\"><not-well-formed\x20xmlns=\"urn:ietf:params:xml:ns:xmpp-streams
SF:\"/></stream:error></stream:stream>");
==============NEXT SERVICE FINGERPRINT (SUBMIT INDIVIDUALLY)==============
SF-Port5263-TCP:V=7.92%T=SSL%I=7%D=8/5%Time=62ED3537%P=x86_64-pc-linux-gnu
SF:%r(RPCCheck,9B,"<stream:error\x20xmlns:stream=\"http://etherx\.jabber\.
SF:org/streams\"><not-well-formed\x20xmlns=\"urn:ietf:params:xml:ns:xmpp-s
SF:treams\"/></stream:error></stream:stream>");
==============NEXT SERVICE FINGERPRINT (SUBMIT INDIVIDUALLY)==============
SF-Port5275-TCP:V=7.92%I=7%D=8/5%Time=62ED3531%P=x86_64-pc-linux-gnu%r(RPC
SF:Check,9B,"<stream:error\x20xmlns:stream=\"http://etherx\.jabber\.org/st
SF:reams\"><not-well-formed\x20xmlns=\"urn:ietf:params:xml:ns:xmpp-streams
SF:\"/></stream:error></stream:stream>");
==============NEXT SERVICE FINGERPRINT (SUBMIT INDIVIDUALLY)==============
SF-Port5276-TCP:V=7.92%T=SSL%I=7%D=8/5%Time=62ED353F%P=x86_64-pc-linux-gnu
SF:%r(RPCCheck,9B,"<stream:error\x20xmlns:stream=\"http://etherx\.jabber\.
SF:org/streams\"><not-well-formed\x20xmlns=\"urn:ietf:params:xml:ns:xmpp-s
SF:treams\"/></stream:error></stream:stream>");
==============NEXT SERVICE FINGERPRINT (SUBMIT INDIVIDUALLY)==============
SF-Port9090-TCP:V=7.92%I=7%D=8/5%Time=62ED351D%P=x86_64-pc-linux-gnu%r(Get
SF:Request,11D,"HTTP/1\.1\x20200\x20OK\r\nDate:\x20Fri,\x2005\x20Aug\x2020
SF:22\x2015:19:57\x20GMT\r\nLast-Modified:\x20Fri,\x2031\x20Jan\x202020\x2
SF:017:54:10\x20GMT\r\nContent-Type:\x20text/html\r\nAccept-Ranges:\x20byt
SF:es\r\nContent-Length:\x20115\r\n\r\n<html>\n<head><title></title>\n<met
SF:a\x20http-equiv=\"refresh\"\x20content=\"0;URL=index\.jsp\">\n</head>\n
SF:<body>\n</body>\n</html>\n\n")%r(JavaRMI,C3,"HTTP/1\.1\x20400\x20Illega
SF:l\x20character\x20CNTL=0x0\r\nContent-Type:\x20text/html;charset=iso-88
SF:59-1\r\nContent-Length:\x2069\r\nConnection:\x20close\r\n\r\n<h1>Bad\x2
SF:0Message\x20400</h1><pre>reason:\x20Illegal\x20character\x20CNTL=0x0</p
SF:re>")%r(WMSRequest,C3,"HTTP/1\.1\x20400\x20Illegal\x20character\x20CNTL
SF:=0x1\r\nContent-Type:\x20text/html;charset=iso-8859-1\r\nContent-Length
SF::\x2069\r\nConnection:\x20close\r\n\r\n<h1>Bad\x20Message\x20400</h1><p
SF:re>reason:\x20Illegal\x20character\x20CNTL=0x1</pre>")%r(ibm-db2-das,C3
SF:,"HTTP/1\.1\x20400\x20Illegal\x20character\x20CNTL=0x0\r\nContent-Type:
SF:\x20text/html;charset=iso-8859-1\r\nContent-Length:\x2069\r\nConnection
SF::\x20close\r\n\r\n<h1>Bad\x20Message\x20400</h1><pre>reason:\x20Illegal
SF:\x20character\x20CNTL=0x0</pre>")%r(SqueezeCenter_CLI,9B,"HTTP/1\.1\x20
SF:400\x20No\x20URI\r\nContent-Type:\x20text/html;charset=iso-8859-1\r\nCo
SF:ntent-Length:\x2049\r\nConnection:\x20close\r\n\r\n<h1>Bad\x20Message\x
SF:20400</h1><pre>reason:\x20No\x20URI</pre>")%r(informix,C3,"HTTP/1\.1\x2
SF:0400\x20Illegal\x20character\x20CNTL=0x0\r\nContent-Type:\x20text/html;
SF:charset=iso-8859-1\r\nContent-Length:\x2069\r\nConnection:\x20close\r\n
SF:\r\n<h1>Bad\x20Message\x20400</h1><pre>reason:\x20Illegal\x20character\
SF:x20CNTL=0x0</pre>")%r(drda,C3,"HTTP/1\.1\x20400\x20Illegal\x20character
SF:\x20CNTL=0x0\r\nContent-Type:\x20text/html;charset=iso-8859-1\r\nConten
SF:t-Length:\x2069\r\nConnection:\x20close\r\n\r\n<h1>Bad\x20Message\x2040
SF:0</h1><pre>reason:\x20Illegal\x20character\x20CNTL=0x0</pre>")%r(HTTPOp
SF:tions,56,"HTTP/1\.1\x20200\x20OK\r\nDate:\x20Fri,\x2005\x20Aug\x202022\
SF:x2015:20:03\x20GMT\r\nAllow:\x20GET,HEAD,POST,OPTIONS\r\n\r\n");
==============NEXT SERVICE FINGERPRINT (SUBMIT INDIVIDUALLY)==============
SF-Port9091-TCP:V=7.92%T=SSL%I=7%D=8/5%Time=62ED352E%P=x86_64-pc-linux-gnu
SF:%r(GetRequest,11D,"HTTP/1\.1\x20200\x20OK\r\nDate:\x20Fri,\x2005\x20Aug
SF:\x202022\x2015:20:15\x20GMT\r\nLast-Modified:\x20Fri,\x2031\x20Jan\x202
SF:020\x2017:54:10\x20GMT\r\nContent-Type:\x20text/html\r\nAccept-Ranges:\
SF:x20bytes\r\nContent-Length:\x20115\r\n\r\n<html>\n<head><title></title>
SF:\n<meta\x20http-equiv=\"refresh\"\x20content=\"0;URL=index\.jsp\">\n</h
SF:ead>\n<body>\n</body>\n</html>\n\n")%r(HTTPOptions,56,"HTTP/1\.1\x20200
SF:\x20OK\r\nDate:\x20Fri,\x2005\x20Aug\x202022\x2015:20:15\x20GMT\r\nAllo
SF:w:\x20GET,HEAD,POST,OPTIONS\r\n\r\n")%r(RTSPRequest,AD,"HTTP/1\.1\x2040
SF:0\x20Unknown\x20Version\r\nContent-Type:\x20text/html;charset=iso-8859-
SF:1\r\nContent-Length:\x2058\r\nConnection:\x20close\r\n\r\n<h1>Bad\x20Me
SF:ssage\x20400</h1><pre>reason:\x20Unknown\x20Version</pre>")%r(RPCCheck,
SF:C7,"HTTP/1\.1\x20400\x20Illegal\x20character\x20OTEXT=0x80\r\nContent-T
SF:ype:\x20text/html;charset=iso-8859-1\r\nContent-Length:\x2071\r\nConnec
SF:tion:\x20close\r\n\r\n<h1>Bad\x20Message\x20400</h1><pre>reason:\x20Ill
SF:egal\x20character\x20OTEXT=0x80</pre>")%r(DNSVersionBindReqTCP,C3,"HTTP
SF:/1\.1\x20400\x20Illegal\x20character\x20CNTL=0x0\r\nContent-Type:\x20te
SF:xt/html;charset=iso-8859-1\r\nContent-Length:\x2069\r\nConnection:\x20c
SF:lose\r\n\r\n<h1>Bad\x20Message\x20400</h1><pre>reason:\x20Illegal\x20ch
SF:aracter\x20CNTL=0x0</pre>")%r(DNSStatusRequestTCP,C3,"HTTP/1\.1\x20400\
SF:x20Illegal\x20character\x20CNTL=0x0\r\nContent-Type:\x20text/html;chars
SF:et=iso-8859-1\r\nContent-Length:\x2069\r\nConnection:\x20close\r\n\r\n<
SF:h1>Bad\x20Message\x20400</h1><pre>reason:\x20Illegal\x20character\x20CN
SF:TL=0x0</pre>")%r(Help,9B,"HTTP/1\.1\x20400\x20No\x20URI\r\nContent-Type
SF::\x20text/html;charset=iso-8859-1\r\nContent-Length:\x2049\r\nConnectio
SF:n:\x20close\r\n\r\n<h1>Bad\x20Message\x20400</h1><pre>reason:\x20No\x20
SF:URI</pre>")%r(SSLSessionReq,C5,"HTTP/1\.1\x20400\x20Illegal\x20characte
SF:r\x20CNTL=0x16\r\nContent-Type:\x20text/html;charset=iso-8859-1\r\nCont
SF:ent-Length:\x2070\r\nConnection:\x20close\r\n\r\n<h1>Bad\x20Message\x20
SF:400</h1><pre>reason:\x20Illegal\x20character\x20CNTL=0x16</pre>");
Service Info: Host: FIRE; OS: Windows; CPE: cpe:/o:microsoft:windows

Service detection performed. Please report any incorrect results at https://nmap.org/submit/ .
# Nmap done at Fri Aug  5 17:20:56 2022 -- 1 IP address (1 host up) scanned in 195.83 seconds
