# Nmap 7.94SVN scan initiated Fri Dec 22 12:31:47 2023 as: nmap -sV -sC -oN nmap.log 10.10.141.20
Nmap scan report for 10.10.141.20
Host is up (0.080s latency).
Not shown: 997 closed tcp ports (conn-refused)
PORT    STATE SERVICE     VERSION
80/tcp  open  http        Apache httpd 2.4.29
|_http-title: 401 Unauthorized
| http-auth: 
| HTTP/1.1 401 Unauthorized\x0D
|_  Basic realm=You want in? Gotta guess the password!
|_http-server-header: Apache/2.4.29 (Ubuntu)
139/tcp open  netbios-ssn Samba smbd 3.X - 4.X (workgroup: YEAROFTHEFOX)
445/tcp open  netbios-ssn Samba smbd 4.7.6-Ubuntu (workgroup: YEAROFTHEFOX)
Service Info: Hosts: year-of-the-fox.lan, YEAR-OF-THE-FOX

Host script results:
| smb-security-mode: 
|   account_used: guest
|   authentication_level: user
|   challenge_response: supported
|_  message_signing: disabled (dangerous, but default)
| smb2-time: 
|   date: 2023-12-22T11:32:01
|_  start_date: N/A
| smb-os-discovery: 
|   OS: Windows 6.1 (Samba 4.7.6-Ubuntu)
|   Computer name: year-of-the-fox
|   NetBIOS computer name: YEAR-OF-THE-FOX\x00
|   Domain name: lan
|   FQDN: year-of-the-fox.lan
|_  System time: 2023-12-22T11:32:02+00:00
|_nbstat: NetBIOS name: YEAR-OF-THE-FOX, NetBIOS user: <unknown>, NetBIOS MAC: <unknown> (unknown)
| smb2-security-mode: 
|   3:1:1: 
|_    Message signing enabled but not required
|_clock-skew: mean: 0s, deviation: 1s, median: 0s

Service detection performed. Please report any incorrect results at https://nmap.org/submit/ .
# Nmap done at Fri Dec 22 12:32:06 2023 -- 1 IP address (1 host up) scanned in 18.39 seconds
