# Nmap 7.93 scan initiated Thu Apr 20 20:46:59 2023 as: nmap -sV -sC -oN network-service-nmap.log 10.10.186.47
Nmap scan report for 10.10.186.47
Host is up (0.055s latency).
Not shown: 997 closed tcp ports (conn-refused)
PORT    STATE SERVICE     VERSION
22/tcp  open  ssh         OpenSSH 7.6p1 Ubuntu 4ubuntu0.3 (Ubuntu Linux; protocol 2.0)
| ssh-hostkey: 
|   2048 91df5c7c26226e9023a77dfa5ce1c252 (RSA)
|   256 8657f52af7869ccf02c1acbc34906b01 (ECDSA)
|_  256 81e3cce7c93c75d7fbe086a001417781 (ED25519)
139/tcp open  netbios-ssn Samba smbd 3.X - 4.X (workgroup: WORKGROUP)
445/tcp open  netbios-ssn Samba smbd 4.7.6-Ubuntu (workgroup: WORKGROUP)
Service Info: Host: POLOSMB; OS: Linux; CPE: cpe:/o:linux:linux_kernel

Host script results:
| smb-security-mode: 
|   account_used: guest
|   authentication_level: user
|   challenge_response: supported
|_  message_signing: disabled (dangerous, but default)
| smb2-security-mode: 
|   311: 
|_    Message signing enabled but not required
| smb2-time: 
|   date: 2023-04-20T18:47:10
|_  start_date: N/A
| smb-os-discovery: 
|   OS: Windows 6.1 (Samba 4.7.6-Ubuntu)
|   Computer name: polosmb
|   NetBIOS computer name: POLOSMB\x00
|   Domain name: \x00
|   FQDN: polosmb
|_  System time: 2023-04-20T18:47:10+00:00
|_nbstat: NetBIOS name: POLOSMB, NetBIOS user: <unknown>, NetBIOS MAC: 000000000000 (Xerox)
|_clock-skew: mean: -2s, deviation: 0s, median: -2s

Service detection performed. Please report any incorrect results at https://nmap.org/submit/ .
# Nmap done at Thu Apr 20 20:47:15 2023 -- 1 IP address (1 host up) scanned in 16.48 seconds
