- Nikto v2.5.0
---------------------------------------------------------------------------
+ Target IP:          10.77.0.54
+ Target Hostname:    10.77.0.54
+ Target Port:        443
---------------------------------------------------------------------------
+ SSL Info:        Subject:  /C=--/ST=SomeState/L=SomeCity/O=SomeOrganization/OU=SomeOrganizationalUnit/CN=localhost/emailAddress=root@localhost
                   Ciphers:  ECDHE-RSA-AES256-GCM-SHA384
                   Issuer:   /C=--/ST=SomeState/L=SomeCity/O=SomeOrganization/OU=SomeOrganizationalUnit/CN=localhost/emailAddress=root@localhost
+ Start Time:         2023-04-27 12:58:46 (GMT2)
---------------------------------------------------------------------------
+ Server: Apache/2.4.6 (CentOS) OpenSSL/1.0.2k-fips mod_fcgid/2.3.9 PHP/5.4.16 mod_perl/2.0.11 Perl/v5.16.3
+ /: Retrieved x-powered-by header: PHP/5.4.16.
+ /: The anti-clickjacking X-Frame-Options header is not present. See: https://developer.mozilla.org/en-US/docs/Web/HTTP/Headers/X-Frame-Options
+ /: The site uses TLS and the Strict-Transport-Security HTTP header is not defined. See: https://developer.mozilla.org/en-US/docs/Web/HTTP/Headers/Strict-Transport-Security
+ /: The X-Content-Type-Options header is not set. This could allow the user agent to render the content of the site in a different fashion to the MIME type. See: https://www.netsparker.com/web-vulnerability-scanner/vulnerabilities/missing-content-type-header/
+ Root page / redirects to: ./module/dashboard_view/index.php
+ Hostname '10.77.0.54' does not match certificate's names: localhost. See: https://cwe.mitre.org/data/definitions/297.html
+ PHP/5.4.16 appears to be outdated (current is at least 8.1.5), PHP 7.4.28 for the 7.4 branch.
+ OpenSSL/1.0.2k-fips appears to be outdated (current is at least 3.0.7). OpenSSL 1.1.1s is current for the 1.x branch and will be supported until Nov 11 2023.
+ mod_fcgid/2.3.9 appears to be outdated (current is at least 2.3.10-dev).
+ Apache/2.4.6 appears to be outdated (current is at least Apache/2.4.54). Apache 2.2.34 is the EOL for the 2.x branch.
+ Perl/v5.16.3 appears to be outdated (current is at least v5.32.1).
+ /: HTTP TRACE method is active which suggests the host is vulnerable to XST. See: https://owasp.org/www-community/attacks/Cross_Site_Tracing
+ PHP/5.4 - PHP 3/4/5 and 7.0 are End of Life products without support.
+ /?=PHPB8B5F2A0-3C92-11d3-A3A9-4C7B08C10000: PHP reveals potentially sensitive information via certain HTTP requests that contain specific QUERY strings. See: OSVDB-12184
+ /?=PHPE9568F34-D428-11d2-A769-00AA001ACF42: PHP reveals potentially sensitive information via certain HTTP requests that contain specific QUERY strings. See: OSVDB-12184
+ /?=PHPE9568F35-D428-11d2-A769-00AA001ACF42: PHP reveals potentially sensitive information via certain HTTP requests that contain specific QUERY strings. See: OSVDB-12184
+ /icons/: Directory indexing found.
+ /icons/README: Apache default file found. See: https://www.vntweb.co.uk/apache-restricting-access-to-iconsreadme/
+ /login.php: Admin login page/section found.
+ /README.md: Readme Found.
+ 8908 requests: 0 error(s) and 19 item(s) reported on remote host
+ End Time:           2023-04-27 13:04:31 (GMT2) (345 seconds)
---------------------------------------------------------------------------
+ 1 host(s) tested
