# Nmap 7.93 scan initiated Thu Apr 27 12:57:26 2023 as: nmap -sV -sC -oN nmap-db7.log 10.77.0.54
Nmap scan report for test.driftingblues.box (10.77.0.54)
Host is up (0.00029s latency).
Not shown: 994 closed tcp ports (conn-refused)
PORT     STATE SERVICE  VERSION
22/tcp   open  ssh      OpenSSH 7.4 (protocol 2.0)
| ssh-hostkey: 
|   2048 c4fae55f88c1a1f0518baee3fbc12772 (RSA)
|   256 01978bbfadba5c78a74590a10a63fc21 (ECDSA)
|_  256 452839e01ba885e0c0b0fa1f008c5ed1 (ED25519)
80/tcp   open  http     Apache httpd 2.4.6 ((CentOS) OpenSSL/1.0.2k-fips mod_fcgid/2.3.9 PHP/5.4.16 mod_perl/2.0.11 Perl/v5.16.3)
|_http-title: Did not follow redirect to https://test.driftingblues.box/
|_http-server-header: Apache/2.4.6 (CentOS) OpenSSL/1.0.2k-fips mod_fcgid/2.3.9 PHP/5.4.16 mod_perl/2.0.11 Perl/v5.16.3
111/tcp  open  rpcbind  2-4 (RPC #100000)
| rpcinfo: 
|   program version    port/proto  service
|   100000  2,3,4        111/tcp   rpcbind
|   100000  2,3,4        111/udp   rpcbind
|   100000  3,4          111/tcp6  rpcbind
|_  100000  3,4          111/udp6  rpcbind
443/tcp  open  ssl/http Apache httpd 2.4.6 ((CentOS) OpenSSL/1.0.2k-fips mod_fcgid/2.3.9 PHP/5.4.16 mod_perl/2.0.11 Perl/v5.16.3)
| http-title: EyesOfNetwork
|_Requested resource was /login.php##
| ssl-cert: Subject: commonName=localhost/organizationName=SomeOrganization/stateOrProvinceName=SomeState/countryName=--
| Not valid before: 2021-04-03T14:37:22
|_Not valid after:  2022-04-03T14:37:22
|_http-server-header: Apache/2.4.6 (CentOS) OpenSSL/1.0.2k-fips mod_fcgid/2.3.9 PHP/5.4.16 mod_perl/2.0.11 Perl/v5.16.3
|_ssl-date: TLS randomness does not represent time
3306/tcp open  mysql    MariaDB (unauthorized)
8086/tcp open  http     InfluxDB http admin 1.7.9
|_http-title: Site doesn't have a title (text/plain; charset=utf-8).

Service detection performed. Please report any incorrect results at https://nmap.org/submit/ .
# Nmap done at Thu Apr 27 12:57:40 2023 -- 1 IP address (1 host up) scanned in 13.51 seconds
