WhatWeb report for http://driftingblues.box
Status    : 302 Found
Title     : 302 Found
IP        : 10.77.0.54
Country   : RESERVED, ZZ

Summary   : Apache[2.4.6][mod_fcgid/2.3.9,mod_perl/2.0.11], HTTPServer[CentOS][Apache/2.4.6 (CentOS) OpenSSL/1.0.2k-fips mod_fcgid/2.3.9 PHP/5.4.16 mod_perl/2.0.11 Perl/v5.16.3], OpenSSL[1.0.2k-fips], Perl[5.16.3], PHP[5.4.16], RedirectLocation[https://driftingblues.box/]

Detected Plugins:
[ Apache ]
	The Apache HTTP Server Project is an effort to develop and 
	maintain an open-source HTTP server for modern operating 
	systems including UNIX and Windows NT. The goal of this 
	project is to provide a secure, efficient and extensible 
	server that provides HTTP services in sync with the current 
	HTTP standards. 

	Version      : 2.4.6 (from HTTP Server Header)
	Module       : mod_fcgid/2.3.9,mod_perl/2.0.11
	Google Dorks: (3)
	Website     : http://httpd.apache.org/

[ HTTPServer ]
	HTTP server header string. This plugin also attempts to 
	identify the operating system from the server header. 

	OS           : CentOS
	String       : Apache/2.4.6 (CentOS) OpenSSL/1.0.2k-fips mod_fcgid/2.3.9 PHP/5.4.16 mod_perl/2.0.11 Perl/v5.16.3 (from server string)

[ OpenSSL ]
	The OpenSSL Project is a collaborative effort to develop a 
	robust, commercial-grade, full-featured, and Open Source 
	toolkit implementing the Secure Sockets Layer (SSL v2/v3) 
	and Transport Layer Security (TLS v1) protocols as well as 
	a full-strength general purpose cryptography library. 

	Version      : 1.0.2k-fips
	Website     : http://www.openssl.org/

[ PHP ]
	PHP is a widely-used general-purpose scripting language 
	that is especially suited for Web development and can be 
	embedded into HTML. This plugin identifies PHP errors, 
	modules and versions and extracts the local file path and 
	username if present. 

	Version      : 5.4.16
	Google Dorks: (2)
	Website     : http://www.php.net/

[ Perl ]
	Perl is a highly capable, feature-rich programming language 
	with over 22 years of development. 

	Version      : 5.16.3
	Website     : http://www.perl.org/

[ RedirectLocation ]
	HTTP Server string location. used with http-status 301 and 
	302 

	String       : https://driftingblues.box/ (from location)

HTTP Headers:
	HTTP/1.1 302 Found
	Date: Thu, 27 Apr 2023 11:13:07 GMT
	Server: Apache/2.4.6 (CentOS) OpenSSL/1.0.2k-fips mod_fcgid/2.3.9 PHP/5.4.16 mod_perl/2.0.11 Perl/v5.16.3
	Location: https://driftingblues.box/
	Content-Length: 210
	Connection: close
	Content-Type: text/html; charset=iso-8859-1
	
WhatWeb report for https://driftingblues.box/
Status    : 302 Found
Title     : <None>
IP        : 10.77.0.54
Country   : RESERVED, ZZ

Summary   : Apache[2.4.6][mod_fcgid/2.3.9,mod_perl/2.0.11], HTTPServer[CentOS][Apache/2.4.6 (CentOS) OpenSSL/1.0.2k-fips mod_fcgid/2.3.9 PHP/5.4.16 mod_perl/2.0.11 Perl/v5.16.3], OpenSSL[1.0.2k-fips], Perl[5.16.3], PHP[5.4.16], RedirectLocation[./module/dashboard_view/index.php], X-Powered-By[PHP/5.4.16]

Detected Plugins:
[ Apache ]
	The Apache HTTP Server Project is an effort to develop and 
	maintain an open-source HTTP server for modern operating 
	systems including UNIX and Windows NT. The goal of this 
	project is to provide a secure, efficient and extensible 
	server that provides HTTP services in sync with the current 
	HTTP standards. 

	Version      : 2.4.6 (from HTTP Server Header)
	Module       : mod_fcgid/2.3.9,mod_perl/2.0.11
	Google Dorks: (3)
	Website     : http://httpd.apache.org/

[ HTTPServer ]
	HTTP server header string. This plugin also attempts to 
	identify the operating system from the server header. 

	OS           : CentOS
	String       : Apache/2.4.6 (CentOS) OpenSSL/1.0.2k-fips mod_fcgid/2.3.9 PHP/5.4.16 mod_perl/2.0.11 Perl/v5.16.3 (from server string)

[ OpenSSL ]
	The OpenSSL Project is a collaborative effort to develop a 
	robust, commercial-grade, full-featured, and Open Source 
	toolkit implementing the Secure Sockets Layer (SSL v2/v3) 
	and Transport Layer Security (TLS v1) protocols as well as 
	a full-strength general purpose cryptography library. 

	Version      : 1.0.2k-fips
	Website     : http://www.openssl.org/

[ PHP ]
	PHP is a widely-used general-purpose scripting language 
	that is especially suited for Web development and can be 
	embedded into HTML. This plugin identifies PHP errors, 
	modules and versions and extracts the local file path and 
	username if present. 

	Version      : 5.4.16
	Version      : 5.4.16
	Google Dorks: (2)
	Website     : http://www.php.net/

[ Perl ]
	Perl is a highly capable, feature-rich programming language 
	with over 22 years of development. 

	Version      : 5.16.3
	Website     : http://www.perl.org/

[ RedirectLocation ]
	HTTP Server string location. used with http-status 301 and 
	302 

	String       : ./module/dashboard_view/index.php (from location)

[ X-Powered-By ]
	X-Powered-By HTTP header 

	String       : PHP/5.4.16 (from x-powered-by string)

HTTP Headers:
	HTTP/1.1 302 Found
	Date: Thu, 27 Apr 2023 11:13:07 GMT
	Server: Apache/2.4.6 (CentOS) OpenSSL/1.0.2k-fips mod_fcgid/2.3.9 PHP/5.4.16 mod_perl/2.0.11 Perl/v5.16.3
	X-Powered-By: PHP/5.4.16
	Location: ./module/dashboard_view/index.php
	Content-Length: 0
	Connection: close
	Content-Type: text/html; charset=UTF-8
	
WhatWeb report for https://driftingblues.box/module/dashboard_view/index.php
Status    : 302 Found
Title     : 302 Found
IP        : 10.77.0.54
Country   : RESERVED, ZZ

Summary   : Apache[2.4.6][mod_fcgid/2.3.9,mod_perl/2.0.11], HTTPServer[CentOS][Apache/2.4.6 (CentOS) OpenSSL/1.0.2k-fips mod_fcgid/2.3.9 PHP/5.4.16 mod_perl/2.0.11 Perl/v5.16.3], OpenSSL[1.0.2k-fips], Perl[5.16.3], PHP[5.4.16], RedirectLocation[/login.php##]

Detected Plugins:
[ Apache ]
	The Apache HTTP Server Project is an effort to develop and 
	maintain an open-source HTTP server for modern operating 
	systems including UNIX and Windows NT. The goal of this 
	project is to provide a secure, efficient and extensible 
	server that provides HTTP services in sync with the current 
	HTTP standards. 

	Version      : 2.4.6 (from HTTP Server Header)
	Module       : mod_fcgid/2.3.9,mod_perl/2.0.11
	Google Dorks: (3)
	Website     : http://httpd.apache.org/

[ HTTPServer ]
	HTTP server header string. This plugin also attempts to 
	identify the operating system from the server header. 

	OS           : CentOS
	String       : Apache/2.4.6 (CentOS) OpenSSL/1.0.2k-fips mod_fcgid/2.3.9 PHP/5.4.16 mod_perl/2.0.11 Perl/v5.16.3 (from server string)

[ OpenSSL ]
	The OpenSSL Project is a collaborative effort to develop a 
	robust, commercial-grade, full-featured, and Open Source 
	toolkit implementing the Secure Sockets Layer (SSL v2/v3) 
	and Transport Layer Security (TLS v1) protocols as well as 
	a full-strength general purpose cryptography library. 

	Version      : 1.0.2k-fips
	Website     : http://www.openssl.org/

[ PHP ]
	PHP is a widely-used general-purpose scripting language 
	that is especially suited for Web development and can be 
	embedded into HTML. This plugin identifies PHP errors, 
	modules and versions and extracts the local file path and 
	username if present. 

	Version      : 5.4.16
	Google Dorks: (2)
	Website     : http://www.php.net/

[ Perl ]
	Perl is a highly capable, feature-rich programming language 
	with over 22 years of development. 

	Version      : 5.16.3
	Website     : http://www.perl.org/

[ RedirectLocation ]
	HTTP Server string location. used with http-status 301 and 
	302 

	String       : /login.php## (from location)

HTTP Headers:
	HTTP/1.1 302 Found
	Date: Thu, 27 Apr 2023 11:13:08 GMT
	Server: Apache/2.4.6 (CentOS) OpenSSL/1.0.2k-fips mod_fcgid/2.3.9 PHP/5.4.16 mod_perl/2.0.11 Perl/v5.16.3
	Location: /login.php##
	Content-Length: 196
	Connection: close
	Content-Type: text/html; charset=iso-8859-1
	
WhatWeb report for http://driftingblues.box
Status    : 302 Found
Title     : 302 Found
IP        : 10.77.0.54
Country   : RESERVED, ZZ

Summary   : Apache[2.4.6][mod_fcgid/2.3.9,mod_perl/2.0.11], HTTPServer[CentOS][Apache/2.4.6 (CentOS) OpenSSL/1.0.2k-fips mod_fcgid/2.3.9 PHP/5.4.16 mod_perl/2.0.11 Perl/v5.16.3], OpenSSL[1.0.2k-fips], Perl[5.16.3], PHP[5.4.16], RedirectLocation[https://driftingblues.box/]

Detected Plugins:
[ Apache ]
	The Apache HTTP Server Project is an effort to develop and 
	maintain an open-source HTTP server for modern operating 
	systems including UNIX and Windows NT. The goal of this 
	project is to provide a secure, efficient and extensible 
	server that provides HTTP services in sync with the current 
	HTTP standards. 

	Version      : 2.4.6 (from HTTP Server Header)
	Module       : mod_fcgid/2.3.9,mod_perl/2.0.11
	Google Dorks: (3)
	Website     : http://httpd.apache.org/

[ HTTPServer ]
	HTTP server header string. This plugin also attempts to 
	identify the operating system from the server header. 

	OS           : CentOS
	String       : Apache/2.4.6 (CentOS) OpenSSL/1.0.2k-fips mod_fcgid/2.3.9 PHP/5.4.16 mod_perl/2.0.11 Perl/v5.16.3 (from server string)

[ OpenSSL ]
	The OpenSSL Project is a collaborative effort to develop a 
	robust, commercial-grade, full-featured, and Open Source 
	toolkit implementing the Secure Sockets Layer (SSL v2/v3) 
	and Transport Layer Security (TLS v1) protocols as well as 
	a full-strength general purpose cryptography library. 

	Version      : 1.0.2k-fips
	Website     : http://www.openssl.org/

[ PHP ]
	PHP is a widely-used general-purpose scripting language 
	that is especially suited for Web development and can be 
	embedded into HTML. This plugin identifies PHP errors, 
	modules and versions and extracts the local file path and 
	username if present. 

	Version      : 5.4.16
	Google Dorks: (2)
	Website     : http://www.php.net/

[ Perl ]
	Perl is a highly capable, feature-rich programming language 
	with over 22 years of development. 

	Version      : 5.16.3
	Website     : http://www.perl.org/

[ RedirectLocation ]
	HTTP Server string location. used with http-status 301 and 
	302 

	String       : https://driftingblues.box/ (from location)

HTTP Headers:
	HTTP/1.1 302 Found
	Date: Thu, 27 Apr 2023 11:13:42 GMT
	Server: Apache/2.4.6 (CentOS) OpenSSL/1.0.2k-fips mod_fcgid/2.3.9 PHP/5.4.16 mod_perl/2.0.11 Perl/v5.16.3
	Location: https://driftingblues.box/
	Content-Length: 210
	Connection: close
	Content-Type: text/html; charset=iso-8859-1
	
WhatWeb report for https://driftingblues.box/
Status    : 302 Found
Title     : <None>
IP        : 10.77.0.54
Country   : RESERVED, ZZ

Summary   : Apache[2.4.6][mod_fcgid/2.3.9,mod_perl/2.0.11], HTTPServer[CentOS][Apache/2.4.6 (CentOS) OpenSSL/1.0.2k-fips mod_fcgid/2.3.9 PHP/5.4.16 mod_perl/2.0.11 Perl/v5.16.3], OpenSSL[1.0.2k-fips], Perl[5.16.3], PHP[5.4.16], RedirectLocation[./module/dashboard_view/index.php], X-Powered-By[PHP/5.4.16]

Detected Plugins:
[ Apache ]
	The Apache HTTP Server Project is an effort to develop and 
	maintain an open-source HTTP server for modern operating 
	systems including UNIX and Windows NT. The goal of this 
	project is to provide a secure, efficient and extensible 
	server that provides HTTP services in sync with the current 
	HTTP standards. 

	Version      : 2.4.6 (from HTTP Server Header)
	Module       : mod_fcgid/2.3.9,mod_perl/2.0.11
	Google Dorks: (3)
	Website     : http://httpd.apache.org/

[ HTTPServer ]
	HTTP server header string. This plugin also attempts to 
	identify the operating system from the server header. 

	OS           : CentOS
	String       : Apache/2.4.6 (CentOS) OpenSSL/1.0.2k-fips mod_fcgid/2.3.9 PHP/5.4.16 mod_perl/2.0.11 Perl/v5.16.3 (from server string)

[ OpenSSL ]
	The OpenSSL Project is a collaborative effort to develop a 
	robust, commercial-grade, full-featured, and Open Source 
	toolkit implementing the Secure Sockets Layer (SSL v2/v3) 
	and Transport Layer Security (TLS v1) protocols as well as 
	a full-strength general purpose cryptography library. 

	Version      : 1.0.2k-fips
	Website     : http://www.openssl.org/

[ PHP ]
	PHP is a widely-used general-purpose scripting language 
	that is especially suited for Web development and can be 
	embedded into HTML. This plugin identifies PHP errors, 
	modules and versions and extracts the local file path and 
	username if present. 

	Version      : 5.4.16
	Version      : 5.4.16
	Google Dorks: (2)
	Website     : http://www.php.net/

[ Perl ]
	Perl is a highly capable, feature-rich programming language 
	with over 22 years of development. 

	Version      : 5.16.3
	Website     : http://www.perl.org/

[ RedirectLocation ]
	HTTP Server string location. used with http-status 301 and 
	302 

	String       : ./module/dashboard_view/index.php (from location)

[ X-Powered-By ]
	X-Powered-By HTTP header 

	String       : PHP/5.4.16 (from x-powered-by string)

HTTP Headers:
	HTTP/1.1 302 Found
	Date: Thu, 27 Apr 2023 11:13:43 GMT
	Server: Apache/2.4.6 (CentOS) OpenSSL/1.0.2k-fips mod_fcgid/2.3.9 PHP/5.4.16 mod_perl/2.0.11 Perl/v5.16.3
	X-Powered-By: PHP/5.4.16
	Location: ./module/dashboard_view/index.php
	Content-Length: 0
	Connection: close
	Content-Type: text/html; charset=UTF-8
	
WhatWeb report for https://driftingblues.box/module/dashboard_view/index.php
Status    : 302 Found
Title     : 302 Found
IP        : 10.77.0.54
Country   : RESERVED, ZZ

Summary   : Apache[2.4.6][mod_fcgid/2.3.9,mod_perl/2.0.11], HTTPServer[CentOS][Apache/2.4.6 (CentOS) OpenSSL/1.0.2k-fips mod_fcgid/2.3.9 PHP/5.4.16 mod_perl/2.0.11 Perl/v5.16.3], OpenSSL[1.0.2k-fips], Perl[5.16.3], PHP[5.4.16], RedirectLocation[/login.php##]

Detected Plugins:
[ Apache ]
	The Apache HTTP Server Project is an effort to develop and 
	maintain an open-source HTTP server for modern operating 
	systems including UNIX and Windows NT. The goal of this 
	project is to provide a secure, efficient and extensible 
	server that provides HTTP services in sync with the current 
	HTTP standards. 

	Version      : 2.4.6 (from HTTP Server Header)
	Module       : mod_fcgid/2.3.9,mod_perl/2.0.11
	Google Dorks: (3)
	Website     : http://httpd.apache.org/

[ HTTPServer ]
	HTTP server header string. This plugin also attempts to 
	identify the operating system from the server header. 

	OS           : CentOS
	String       : Apache/2.4.6 (CentOS) OpenSSL/1.0.2k-fips mod_fcgid/2.3.9 PHP/5.4.16 mod_perl/2.0.11 Perl/v5.16.3 (from server string)

[ OpenSSL ]
	The OpenSSL Project is a collaborative effort to develop a 
	robust, commercial-grade, full-featured, and Open Source 
	toolkit implementing the Secure Sockets Layer (SSL v2/v3) 
	and Transport Layer Security (TLS v1) protocols as well as 
	a full-strength general purpose cryptography library. 

	Version      : 1.0.2k-fips
	Website     : http://www.openssl.org/

[ PHP ]
	PHP is a widely-used general-purpose scripting language 
	that is especially suited for Web development and can be 
	embedded into HTML. This plugin identifies PHP errors, 
	modules and versions and extracts the local file path and 
	username if present. 

	Version      : 5.4.16
	Google Dorks: (2)
	Website     : http://www.php.net/

[ Perl ]
	Perl is a highly capable, feature-rich programming language 
	with over 22 years of development. 

	Version      : 5.16.3
	Website     : http://www.perl.org/

[ RedirectLocation ]
	HTTP Server string location. used with http-status 301 and 
	302 

	String       : /login.php## (from location)

HTTP Headers:
	HTTP/1.1 302 Found
	Date: Thu, 27 Apr 2023 11:13:44 GMT
	Server: Apache/2.4.6 (CentOS) OpenSSL/1.0.2k-fips mod_fcgid/2.3.9 PHP/5.4.16 mod_perl/2.0.11 Perl/v5.16.3
	Location: /login.php##
	Content-Length: 196
	Connection: close
	Content-Type: text/html; charset=iso-8859-1
	
