# Nmap 7.94 scan initiated Thu Jun 29 22:08:02 2023 as: nmap -sV -sC -oN nmap-fawkes.log 10.77.0.94
Nmap scan report for 10.77.0.94
Host is up (0.00022s latency).
Not shown: 995 closed tcp ports (conn-refused)
PORT     STATE SERVICE    VERSION
21/tcp   open  ftp        vsftpd 3.0.3
| ftp-syst: 
|   STAT: 
| FTP server status:
|      Connected to ::ffff:10.77.0.88
|      Logged in as ftp
|      TYPE: ASCII
|      No session bandwidth limit
|      Session timeout in seconds is 300
|      Control connection is plain text
|      Data connections will be plain text
|      At session startup, client count was 3
|      vsFTPd 3.0.3 - secure, fast, stable
|_End of status
| ftp-anon: Anonymous FTP login allowed (FTP code 230)
|_-rwxr-xr-x    1 0        0          705996 Apr 12  2021 server_hogwarts
22/tcp   open  ssh        OpenSSH 7.9p1 Debian 10+deb10u2 (protocol 2.0)
| ssh-hostkey: 
|   2048 48:df:48:37:25:94:c4:74:6b:2c:62:73:bf:b4:9f:a9 (RSA)
|   256 1e:34:18:17:5e:17:95:8f:70:2f:80:a6:d5:b4:17:3e (ECDSA)
|_  256 3e:79:5f:55:55:3b:12:75:96:b4:3e:e3:83:7a:54:94 (ED25519)
80/tcp   open  http       Apache httpd 2.4.38 ((Debian))
|_http-server-header: Apache/2.4.38 (Debian)
|_http-title: Site doesn't have a title (text/html).
2222/tcp open  ssh        OpenSSH 8.4 (protocol 2.0)
| ssh-hostkey: 
|   3072 c4:1d:d5:66:85:24:57:4a:86:4e:d9:b6:00:69:78:8d (RSA)
|   256 0b:31:e7:67:26:c6:4d:12:bf:2a:85:31:bf:21:31:1d (ECDSA)
|_  256 9b:f4:bd:71:fa:16:de:d5:89:ac:69:8d:1e:93:e5:8a (ED25519)
9898/tcp open  tcpwrapped
Service Info: OSs: Unix, Linux; CPE: cpe:/o:linux:linux_kernel

Service detection performed. Please report any incorrect results at https://nmap.org/submit/ .
# Nmap done at Thu Jun 29 22:08:13 2023 -- 1 IP address (1 host up) scanned in 11.51 seconds
