# Nmap 7.94SVN scan initiated Wed Jun 26 22:06:11 2024 as: nmap -sV -A -oN nmap/nmap-inital.log 10.77.0.223
Nmap scan report for area51.hmv (10.77.0.223)
Host is up (0.00089s latency).
Not shown: 997 closed tcp ports (reset)
PORT     STATE SERVICE     VERSION
22/tcp   open  ssh         OpenSSH 8.4p1 Debian 5 (protocol 2.0)
| ssh-hostkey: 
|   3072 de:bf:2a:93:86:b8:b3:a3:13:5b:46:66:34:d6:dc:b1 (RSA)
|   256 a9:df:bb:71:90:6c:d1:2f:e7:48:97:2e:ad:7b:15:d3 (ECDSA)
|_  256 78:75:83:1c:03:03:a1:92:4f:73:8e:f2:2d:23:d2:0e (ED25519)
80/tcp   open  http        Apache httpd 2.4.51 ((Debian))
|_http-title: FBI Access
|_http-server-header: Apache/2.4.51 (Debian)
8080/tcp open  nagios-nsca Nagios NSCA
|_http-title: Site doesn't have a title (application/json).
MAC Address: 08:00:27:46:14:54 (Oracle VirtualBox virtual NIC)
Device type: general purpose
Running: Linux 4.X|5.X
OS CPE: cpe:/o:linux:linux_kernel:4 cpe:/o:linux:linux_kernel:5
OS details: Linux 4.15 - 5.8
Network Distance: 1 hop
Service Info: OS: Linux; CPE: cpe:/o:linux:linux_kernel

TRACEROUTE
HOP RTT     ADDRESS
1   0.89 ms area51.hmv (10.77.0.223)

OS and Service detection performed. Please report any incorrect results at https://nmap.org/submit/ .
# Nmap done at Wed Jun 26 22:06:20 2024 -- 1 IP address (1 host up) scanned in 8.53 seconds
