WhatWeb report for http://dc-4/
Status    : 200 OK
Title     : System Tools
IP        : 10.77.0.66
Country   : RESERVED, ZZ

Summary   : HTML5, HTTPServer[nginx/1.15.10], nginx[1.15.10], PasswordField[password]

Detected Plugins:
[ HTML5 ]
	HTML version 5, detected by the doctype declaration 


[ HTTPServer ]
	HTTP server header string. This plugin also attempts to 
	identify the operating system from the server header. 

	String       : nginx/1.15.10 (from server string)

[ PasswordField ]
	find password fields 

	String       : password (from field name)

[ nginx ]
	Nginx (Engine-X) is a free, open-source, high-performance 
	HTTP server and reverse proxy, as well as an IMAP/POP3 
	proxy server. 

	Version      : 1.15.10
	Website     : http://nginx.net/

HTTP Headers:
	HTTP/1.1 200 OK
	Server: nginx/1.15.10
	Date: Mon, 01 May 2023 07:21:35 GMT
	Content-Type: text/html; charset=UTF-8
	Transfer-Encoding: chunked
	Connection: close
	
