- Nikto v2.5.0
---------------------------------------------------------------------------
+ Target IP:          10.77.0.50
+ Target Hostname:    10.77.0.50
+ Target Port:        80
+ Start Time:         2023-04-26 19:44:23 (GMT2)
---------------------------------------------------------------------------
+ Server: Apache/2.4.38 (Debian)
+ /: The anti-clickjacking X-Frame-Options header is not present. See: https://developer.mozilla.org/en-US/docs/Web/HTTP/Headers/X-Frame-Options
+ /: The X-Content-Type-Options header is not set. This could allow the user agent to render the content of the site in a different fashion to the MIME type. See: https://www.netsparker.com/web-vulnerability-scanner/vulnerabilities/missing-content-type-header/
+ No CGI Directories found (use '-C all' to force check all possible dirs)
+ /robots.txt: Entry '/eventadmins/' is returned a non-forbidden or redirect HTTP code (200). See: https://portswigger.net/kb/issues/00600600_robots-txt-file
+ /robots.txt: contains 1 entry which should be manually viewed. See: https://developer.mozilla.org/en-US/docs/Glossary/Robots.txt
+ Apache/2.4.38 appears to be outdated (current is at least Apache/2.4.54). Apache 2.2.34 is the EOL for the 2.x branch.
+ /: Server may leak inodes via ETags, header found with file /, inode: 55d, size: 5b80429e7f280, mtime: gzip. See: http://cve.mitre.org/cgi-bin/cvename.cgi?name=CVE-2003-1418
+ OPTIONS: Allowed HTTP Methods: GET, POST, OPTIONS, HEAD .
+ /secret/: This might be interesting.
+ /icons/README: Apache default file found. See: https://www.vntweb.co.uk/apache-restricting-access-to-iconsreadme/
+ /wp-admin/: Directory indexing found.
+ /wp-admin/: Admin login page/section found.
+ /phpmyadmin/: phpMyAdmin directory found.
+ 8105 requests: 0 error(s) and 12 item(s) reported on remote host
+ End Time:           2023-04-26 19:44:39 (GMT2) (16 seconds)
---------------------------------------------------------------------------
+ 1 host(s) tested
